2022-09-04 21:54:18.6159|TRACE|Performance.RuntimePluginScanner|00:00:00.0262889 Loaded plugins (569).
2022-09-04 21:54:18.6997|TRACE|Performance.DatabaseUpdate|00:00:00.2888192 Modules and plugins registered.
2022-09-04 21:54:18.7723|TRACE|Performance.DataMigrationScriptsFile|00:00:00.0662902 Loaded 12 scripts from generated file.
2022-09-04 21:54:18.7831|TRACE|Performance.DatabaseModelFile|00:00:00.0102311 Load.
2022-09-04 21:54:19.2865|TRACE|Performance.DatabaseAnalysis|00:00:00.0341887 Loaded old concept applications.
2022-09-04 21:54:19.2906|TRACE|Performance.DatabaseAnalysis|00:00:00.0040213 Got new concept applications.
2022-09-04 21:54:19.2906|TRACE|Performance.DatabaseAnalysis|00:00:00.0080080 Match new and old concept applications.
2022-09-04 21:54:19.2906|TRACE|Performance.DatabaseAnalysis|00:00:00.0002966 Verify new concept applications' integrity.
2022-09-04 21:54:19.3201|TRACE|Performance.DatabaseAnalysis|00:00:00.0211446 Removed unused concept applications.
2022-09-04 21:54:19.3278|TRACE|Performance.DatabaseAnalysis|00:00:00.0076334 Analyzed differences in database structure.
2022-09-04 21:54:19.3278|TRACE|Performance.DatabaseGenerator|00:00:00.0756882 Database diff analysis.
2022-09-04 21:54:19.3278|TRACE|Performance.DatabaseGenerator|00:00:00.0032791 Log analysis results.
2022-09-04 21:54:19.3278|TRACE|Performance.DatabaseGenerator|00:00:00.0014855 ApplyChangesToDatabase: Prepared SQL scripts for removing concept applications.
2022-09-04 21:54:19.3402|TRACE|Performance.DatabaseGenerator|00:00:00.0072770 ApplyChangesToDatabase: Prepared SQL scripts for updating unchanged concept applications' metadata.
2022-09-04 21:54:19.3402|TRACE|Performance.DatabaseGenerator|00:00:00.0028204 ApplyChangesToDatabase: Prepared SQL scripts for inserting concept applications.
2022-09-04 21:54:19.3402|TRACE|Performance.DatabaseGenerator|00:00:00.0001337 ApplyChangesToDatabase: Executed 0 SQL scripts.
2022-09-04 21:54:19.3402|TRACE|Performance.DatabaseGenerator|00:00:00.0121331 Applied changes to database.
2022-09-04 21:54:19.3402|TRACE|Performance.DatabaseGenerator|00:00:00.0041002 Verified integrity of saved concept applications metadata.
2022-09-04 21:54:19.3402|TRACE|Performance.DatabaseGenerator|00:00:00.0952161 UpdateDatabaseStructure
2022-09-04 21:54:19.3802|TRACE|Performance.RuntimePluginScanner|00:00:00.0090432 Loaded plugins (569).
2022-09-04 21:54:19.6015|TRACE|Performance.MetadataWorkspaceFileProvider|00:00:00.0261441 Checked if ProviderManifestToken is set.
2022-09-04 21:54:19.8487|TRACE|Performance.MetadataWorkspaceFileProvider|00:00:00.2471393 Load EDM files.
2022-09-04 21:54:19.8772|TRACE|Performance.EfMappingViewsInitializer|00:00:00.3019500 Calculated hash for current model.
2022-09-04 21:54:19.9503|TRACE|Performance.DslModelFile|00:00:00.0723451 Load.
2022-09-04 21:54:19.9880|TRACE|Performance.DslModelFile|00:00:00.1100845 Initialize (560 concepts).
2022-09-04 21:54:19.9995|TRACE|Performance.EfMappingViewsInitializer|00:00:00.1223331 Calculated additional hash.
2022-09-04 21:54:19.9995|TRACE|Performance.EfMappingViewsFileStore|00:00:00.0047614 Loaded and deserialized views from 'C:\Users\IgorBedek\Workspace\Omega\Bookstore\src\Bookstore.Service\bin\Debug\net6.0\EfMappingGeneratedViews.json'.
2022-09-04 21:54:20.0181|TRACE|Performance.ApplicationInitialization|00:00:00.6565334 New modules and plugins registered.
2022-09-04 21:54:20.0284|TRACE|Performance.ClaimGenerator|00:00:00.0082897 Generate new claims.
2022-09-04 21:54:20.0284|TRACE|Performance.GenericRepository(Common.Claim)|00:00:00.0000954 InsertOrUpdateOrDeleteOrDeactivate: Initialize new items (81)
2022-09-04 21:54:20.2610|TRACE|Performance.EfMappingViewsFileStore|00:00:00.0002255 Loaded and deserialized views from 'C:\Users\IgorBedek\Workspace\Omega\Bookstore\src\Bookstore.Service\bin\Debug\net6.0\EfMappingGeneratedViews.json'.
2022-09-04 21:54:20.4229|TRACE|Performance.GenericRepository(Common.Claim)|00:00:00.3928282 InsertOrUpdateOrDeleteOrDeactivate: Load old items (81)
2022-09-04 21:54:20.4229|TRACE|Performance.GenericRepository(Common.Claim)|00:00:00.0016939 InsertOrUpdateOrDeleteOrDeactivate: Diff (81 new items, 81 old items, 0 to insert, 0 to update, 0 to delete)
2022-09-04 21:54:20.4881|TRACE|Performance.GenericRepository(Common.Claim)|00:00:00.0630824 InsertOrUpdateOrDeleteOrDeactivate: Deactivate (0 to deactivate, 0 already deactivated)
2022-09-04 21:54:20.4929|TRACE|Performance.GenericRepository(Common.Claim)|00:00:00.0046194 InsertOrUpdateOrDeleteOrDeactivate: Save (81 new items, 81 old items, 0 to insert, 0 to update, 0 to delete)
2022-09-04 21:54:20.4929|TRACE|Performance.ClaimGenerator|00:00:00.4645235 Save claims.
2022-09-04 21:54:20.4929|TRACE|Performance.KeepSynchronizedRecomputeOnDeploy|00:00:00.0054467 Load metadata.
2022-09-04 21:54:20.4929|TRACE|Performance.KeepSynchronizedRecomputeOnDeploy|00:00:00.0004839 Save metadata.
