2022-09-04 21:27:30.5810|INFO|Rhetos DbUpdate base|Started 'dotnet' process 33732.
2022-09-04 21:27:30.8324|INFO|Rhetos DbUpdate|Started in C:\Users\IgorBedek\Workspace\Omega\Bookstore\src\Bookstore.Service\bin\Debug\net6.0\
2022-09-04 21:27:30.8644|INFO|DatabaseUpdate|Loading plugins.
2022-09-04 21:27:31.4465|INFO|DatabaseDeployment|SQL connection: DataSource=localhost, InitialCatalog=rh_bookstore
2022-09-04 21:27:52.0437|ERROR|Rhetos DbUpdate|Rhetos.FrameworkException: Could not connect to server 'localhost', database 'rh_bookstore' using integrated security account 'IgorBedek'.  ---> System.Data.SqlClient.SqlException (0x80131904): A network-related or instance-specific error occurred while establishing a connection to SQL Server. The server was not found or was not accessible. Verify that the instance name is correct and that SQL Server is configured to allow remote connections. (provider: Named Pipes Provider, error: 40 - Could no ... (see build output for more info)
2022-09-04 21:27:52.0437|INFO|Rhetos DbUpdate|Rhetos.FrameworkException: Could not connect to server 'localhost', database 'rh_bookstore' using integrated security account 'IgorBedek'.
 ---> System.Data.SqlClient.SqlException (0x80131904): A network-related or instance-specific error occurred while establishing a connection to SQL Server. The server was not found or was not accessible. Verify that the instance name is correct and that SQL Server is configured to allow remote connections. (provider: Named Pipes Provider, error: 40 - Could not open a connection to SQL Server)
 ---> System.ComponentModel.Win32Exception (2): The system cannot find the file specified.
   at System.Data.SqlClient.SqlInternalConnectionTds..ctor(DbConnectionPoolIdentity identity, SqlConnectionString connectionOptions, SqlCredential credential, Object providerInfo, String newPassword, SecureString newSecurePassword, Boolean redirectedUserInstance, SqlConnectionString userConnectionOptions, SessionData reconnectSessionData, Boolean applyTransientFaultHandling, String accessToken)
   at System.Data.SqlClient.SqlConnectionFactory.CreateConnection(DbConnectionOptions options, DbConnectionPoolKey poolKey, Object poolGroupProviderInfo, DbConnectionPool pool, DbConnection owningConnection, DbConnectionOptions userOptions)
   at System.Data.ProviderBase.DbConnectionFactory.CreatePooledConnection(DbConnectionPool pool, DbConnection owningObject, DbConnectionOptions options, DbConnectionPoolKey poolKey, DbConnectionOptions userOptions)
   at System.Data.ProviderBase.DbConnectionPool.CreateObject(DbConnection owningObject, DbConnectionOptions userOptions, DbConnectionInternal oldConnection)
   at System.Data.ProviderBase.DbConnectionPool.UserCreateRequest(DbConnection owningObject, DbConnectionOptions userOptions, DbConnectionInternal oldConnection)
   at System.Data.ProviderBase.DbConnectionPool.TryGetConnection(DbConnection owningObject, UInt32 waitForMultipleObjectsTimeout, Boolean allowCreate, Boolean onlyOneCheckConnection, DbConnectionOptions userOptions, DbConnectionInternal& connection)
   at System.Data.ProviderBase.DbConnectionPool.TryGetConnection(DbConnection owningObject, TaskCompletionSource`1 retry, DbConnectionOptions userOptions, DbConnectionInternal& connection)
   at System.Data.ProviderBase.DbConnectionFactory.TryGetConnection(DbConnection owningConnection, TaskCompletionSource`1 retry, DbConnectionOptions userOptions, DbConnectionInternal oldConnection, DbConnectionInternal& connection)
   at System.Data.ProviderBase.DbConnectionInternal.TryOpenConnectionInternal(DbConnection outerConnection, DbConnectionFactory connectionFactory, TaskCompletionSource`1 retry, DbConnectionOptions userOptions)
   at System.Data.ProviderBase.DbConnectionClosed.TryOpenConnection(DbConnection outerConnection, DbConnectionFactory connectionFactory, TaskCompletionSource`1 retry, DbConnectionOptions userOptions)
   at System.Data.SqlClient.SqlConnection.TryOpen(TaskCompletionSource`1 retry)
   at System.Data.SqlClient.SqlConnection.Open()
   at Rhetos.Utilities.MsSqlUtility.CreateConnection(String connectionString, IUserInfo userInfo)
ClientConnectionId:00000000-0000-0000-0000-000000000000
ErrorNumber:2,State:0,Class:20
   --- End of inner exception stack trace ---
   at Rhetos.Utilities.MsSqlUtility.CreateConnection(String connectionString, IUserInfo userInfo)
   at Rhetos.Persistence.PersistenceTransaction.get_Connection()
   at Rhetos.Persistence.BaseSqlExecuter.CreateCommand(String sql, Object[] parameters)
   at Rhetos.Persistence.BaseSqlExecuter.ExecuteReaderRaw(String query, Object[] parameters, Action`1 read)
   at Rhetos.Utilities.SqlExecuterExtensions.ExecuteReader(ISqlExecuter sqlExecuter, String query, Action`1 read)
   at Rhetos.Deployment.ConnectionTesting.ValidateDbConnection()
   at Rhetos.Deployment.DatabaseDeployment.UpdateDatabase()
   at Rhetos.Deployment.DatabaseUpdate.UpdateDatabase()
   at Rhetos.Program.DbUpdate(String startupAssembly, Boolean shortTransactions, Boolean skipRecompute)
   at Rhetos.Program.<>c__DisplayClass8_2.<Run>b__7()
   at Rhetos.Program.SafeExecuteCommand(Action action, String commandName)
2022-09-04 21:29:17.1537|INFO|Rhetos DbUpdate base|Started 'dotnet' process 6052.
2022-09-04 21:29:17.3918|INFO|Rhetos DbUpdate|Started in C:\Users\IgorBedek\Workspace\Omega\Bookstore\src\Bookstore.Service\bin\Debug\net6.0\
2022-09-04 21:29:17.4226|INFO|DatabaseUpdate|Loading plugins.
2022-09-04 21:29:17.7936|INFO|DatabaseDeployment|SQL connection: DataSource=LAP-BEDEK\SQLEXPRESS, InitialCatalog=rh_bookstore
2022-09-04 21:29:27.9100|ERROR|Rhetos DbUpdate|Rhetos.FrameworkException: Could not connect to server 'LAP-BEDEK\SQLEXPRESS', database 'rh_bookstore' using integrated security account 'IgorBedek'.  ---> System.Data.SqlClient.SqlException (0x80131904): Cannot open database "rh_bookstore" requested by the login. The login failed. Login failed for user 'AzureAD\IgorBedek'.    at System.Data.SqlClient.SqlInternalConnectionTds..ctor(DbConnectionPoolIdentity identity, SqlConnectionString connectionOptions, SqlCredential credential, Object provider ... (see build output for more info)
2022-09-04 21:29:27.9100|INFO|Rhetos DbUpdate|Rhetos.FrameworkException: Could not connect to server 'LAP-BEDEK\SQLEXPRESS', database 'rh_bookstore' using integrated security account 'IgorBedek'.
 ---> System.Data.SqlClient.SqlException (0x80131904): Cannot open database "rh_bookstore" requested by the login. The login failed.
Login failed for user 'AzureAD\IgorBedek'.
   at System.Data.SqlClient.SqlInternalConnectionTds..ctor(DbConnectionPoolIdentity identity, SqlConnectionString connectionOptions, SqlCredential credential, Object providerInfo, String newPassword, SecureString newSecurePassword, Boolean redirectedUserInstance, SqlConnectionString userConnectionOptions, SessionData reconnectSessionData, Boolean applyTransientFaultHandling, String accessToken)
   at System.Data.SqlClient.SqlConnectionFactory.CreateConnection(DbConnectionOptions options, DbConnectionPoolKey poolKey, Object poolGroupProviderInfo, DbConnectionPool pool, DbConnection owningConnection, DbConnectionOptions userOptions)
   at System.Data.ProviderBase.DbConnectionFactory.CreatePooledConnection(DbConnectionPool pool, DbConnection owningObject, DbConnectionOptions options, DbConnectionPoolKey poolKey, DbConnectionOptions userOptions)
   at System.Data.ProviderBase.DbConnectionPool.CreateObject(DbConnection owningObject, DbConnectionOptions userOptions, DbConnectionInternal oldConnection)
   at System.Data.ProviderBase.DbConnectionPool.UserCreateRequest(DbConnection owningObject, DbConnectionOptions userOptions, DbConnectionInternal oldConnection)
   at System.Data.ProviderBase.DbConnectionPool.TryGetConnection(DbConnection owningObject, UInt32 waitForMultipleObjectsTimeout, Boolean allowCreate, Boolean onlyOneCheckConnection, DbConnectionOptions userOptions, DbConnectionInternal& connection)
   at System.Data.ProviderBase.DbConnectionPool.TryGetConnection(DbConnection owningObject, TaskCompletionSource`1 retry, DbConnectionOptions userOptions, DbConnectionInternal& connection)
   at System.Data.ProviderBase.DbConnectionFactory.TryGetConnection(DbConnection owningConnection, TaskCompletionSource`1 retry, DbConnectionOptions userOptions, DbConnectionInternal oldConnection, DbConnectionInternal& connection)
   at System.Data.ProviderBase.DbConnectionInternal.TryOpenConnectionInternal(DbConnection outerConnection, DbConnectionFactory connectionFactory, TaskCompletionSource`1 retry, DbConnectionOptions userOptions)
   at System.Data.ProviderBase.DbConnectionClosed.TryOpenConnection(DbConnection outerConnection, DbConnectionFactory connectionFactory, TaskCompletionSource`1 retry, DbConnectionOptions userOptions)
   at System.Data.SqlClient.SqlConnection.TryOpen(TaskCompletionSource`1 retry)
   at System.Data.SqlClient.SqlConnection.Open()
   at Rhetos.Utilities.MsSqlUtility.CreateConnection(String connectionString, IUserInfo userInfo)
ClientConnectionId:f31518b4-19b1-4083-820f-8bcfe5ff5ebd
ErrorNumber:4060,State:1,Class:11
   --- End of inner exception stack trace ---
   at Rhetos.Utilities.MsSqlUtility.CreateConnection(String connectionString, IUserInfo userInfo)
   at Rhetos.Persistence.PersistenceTransaction.get_Connection()
   at Rhetos.Persistence.BaseSqlExecuter.CreateCommand(String sql, Object[] parameters)
   at Rhetos.Persistence.BaseSqlExecuter.ExecuteReaderRaw(String query, Object[] parameters, Action`1 read)
   at Rhetos.Utilities.SqlExecuterExtensions.ExecuteReader(ISqlExecuter sqlExecuter, String query, Action`1 read)
   at Rhetos.Deployment.ConnectionTesting.ValidateDbConnection()
   at Rhetos.Deployment.DatabaseDeployment.UpdateDatabase()
   at Rhetos.Deployment.DatabaseUpdate.UpdateDatabase()
   at Rhetos.Program.DbUpdate(String startupAssembly, Boolean shortTransactions, Boolean skipRecompute)
   at Rhetos.Program.<>c__DisplayClass8_2.<Run>b__7()
   at Rhetos.Program.SafeExecuteCommand(Action action, String commandName)
2022-09-04 21:30:07.0007|INFO|Rhetos DbUpdate base|Started 'dotnet' process 7368.
2022-09-04 21:30:07.2411|INFO|Rhetos DbUpdate|Started in C:\Users\IgorBedek\Workspace\Omega\Bookstore\src\Bookstore.Service\bin\Debug\net6.0\
2022-09-04 21:30:07.2698|INFO|DatabaseUpdate|Loading plugins.
2022-09-04 21:30:07.6895|INFO|DatabaseDeployment|SQL connection: DataSource=LAP-BEDEK\SQLEXPRESS, InitialCatalog=rh_bookstore
2022-09-04 21:30:07.8459|INFO|DatabaseDeployment|Preparing Rhetos database.
2022-09-04 21:30:08.2030|INFO|DatabaseDeployment|Cleaning old migration data.
2022-09-04 21:30:08.2352|INFO|DatabaseCleaner|Deleted 0 columns in data migration schemas, 0 remaining.
2022-09-04 21:30:08.2352|INFO|DatabaseDeployment|Executing data migration scripts.
2022-09-04 21:30:08.2352|INFO|ConceptDataMigration|Executing 0 before-data-migration scripts.
2022-09-04 21:30:08.2470|INFO|DataMigration|Executing Rhetos.CommonConcepts\0.9.12\1 - AppliedConcept Options1 Options2.sql (tag 533F534B-388C-4CE1-B8AE-A308542471F5)
2022-09-04 21:30:08.2470|INFO|DataMigration|Executing Rhetos.CommonConcepts\0.9.14\1 - Claim.Active.sql (tag 323D7F48-433F-49E9-983B-09A4B7317077)
2022-09-04 21:30:08.2470|INFO|DataMigration|Executing Rhetos.CommonConcepts\0.9.29\1 - RoleInheritsRole renames columns.sql (tag 0D99CDE7-E4CB-4FBF-937B-4ADEEEBC46CE)
2022-09-04 21:30:08.2470|INFO|DataMigration|Executing Rhetos.CommonConcepts\0.9.29\2 - Permissions to RP and PP.sql (tag 33EA1F9E-1A89-4CF0-9AD3-A8E10BEF2D3C)
2022-09-04 21:30:08.2470|INFO|DataMigration|Executing Rhetos.CommonConcepts\0.9.35\1 - A new tag in create property.sql (tag E2B91BB7-FED3-45DB-AFB1-61CEF615C2C3)
2022-09-04 21:30:08.2470|INFO|DataMigration|Executing Rhetos.CommonConcepts\1.3\1 - Clear excess dependencies for subtype id.sql (tag B3D3CD35-D41F-4E70-A490-94CBD12226FF)
2022-09-04 21:30:08.2470|INFO|DataMigration|Executing Rhetos.CommonConcepts\1.11\1 - DataStructureExtendsInfo to UniqueReferenceInfo.sql (tag 0246E7EA-F2F2-419B-9710-1149838E8604)
2022-09-04 21:30:08.2470|INFO|DataMigration|Executing Rhetos.CommonConcepts\2.4\1 - KeepSynchronizedMetadata for Polymorphic.sql (tag BD03D06C-2EC3-4322-B46F-A88EEFB88572)
2022-09-04 21:30:08.2470|INFO|DataMigration|Executing Rhetos.CommonConcepts\2.12\1 - Optimized index CreateQuery modification.sql (tag F0F1C9B6-058D-41DF-8514-DF9D7BD2D701)
2022-09-04 21:30:08.2470|INFO|DataMigration|Executing Rhetos.CommonConcepts\2.12\2 - Separate foreign key concept.sql (tag 654F5AA3-4DB4-4C3A-8AF7-52CA3BBC5E2C)
2022-09-04 21:30:08.2470|INFO|DataMigration|Executing Rhetos.CommonConcepts\4.3\1 - Set schema authorization to dbo.sql (tag 191DE223-880F-40E8-9D14-75883886B6E1)
2022-09-04 21:30:08.2470|INFO|DataMigration|Executing Rhetos.CommonConcepts\4.3\2 - Clustered PK on migration tables.sql (tag 366824BC-4E2F-4025-97CE-6C892A00C5DA)
2022-09-04 21:30:08.4717|INFO|DataMigration|Executed 12 of 12 scripts.
2022-09-04 21:30:08.4717|INFO|ConceptDataMigration|Executing 0 after-data-migration scripts.
2022-09-04 21:30:08.4717|INFO|DatabaseDeployment|Upgrading database.
2022-09-04 21:30:08.4956|INFO|DatabaseGenerator|Removing 0 database objects.
2022-09-04 21:30:08.4956|TRACE|DatabaseGeneratorChanges|Creating ModuleInfo Bookstore/Rhetos.DatabaseGenerator.DefaultConcepts.ModuleDatabaseDefinition, ID=ECDE204A-A9C7-459B-B302-9B797ACBDFA4.
2022-09-04 21:30:08.5114|TRACE|DatabaseGeneratorChanges|Creating ModuleInfo Common/Rhetos.DatabaseGenerator.DefaultConcepts.ModuleDatabaseDefinition, ID=949E8F80-0B44-45D2-8752-B0D3D7E00066.
2022-09-04 21:30:08.5114|TRACE|DatabaseGeneratorChanges|Creating DataStructureInfo Bookstore.Book/Rhetos.DatabaseGenerator.DefaultConcepts.EntityDatabaseDefinition, ID=50A0B293-662A-4949-B78A-11706F6AEA0C.
2022-09-04 21:30:08.5114|TRACE|DatabaseGeneratorChanges|Creating SqlObjectInfo Bookstore.SchemaAuthorization/Rhetos.DatabaseGenerator.DefaultConcepts.SqlObjectDatabaseDefinition, ID=2EBC9072-6DE2-4F6D-AC66-6247CAE1D867.
2022-09-04 21:30:08.5114|TRACE|DatabaseGeneratorChanges|Creating DataStructureInfo Common.AutoCodeCache/Rhetos.DatabaseGenerator.DefaultConcepts.EntityDatabaseDefinition, ID=90B42930-54A0-4565-8F76-5982F63A78FA.
2022-09-04 21:30:08.5114|TRACE|DatabaseGeneratorChanges|Creating DataStructureInfo Common.Claim/Rhetos.DatabaseGenerator.DefaultConcepts.EntityDatabaseDefinition, ID=2D3088EB-0B81-4A5E-ABFD-7C1F9257D4CA.
2022-09-04 21:30:08.5114|TRACE|DatabaseGeneratorChanges|Creating DataStructureInfo Common.ExclusiveLock/Rhetos.DatabaseGenerator.DefaultConcepts.EntityDatabaseDefinition, ID=BDD536E5-E4EE-480E-B647-D85A08E9E048.
2022-09-04 21:30:08.5114|TRACE|DatabaseGeneratorChanges|Creating DataStructureInfo Common.FilterId/Rhetos.DatabaseGenerator.DefaultConcepts.EntityDatabaseDefinition, ID=CC709B3F-DB5E-4E73-B770-956D08011E98.
2022-09-04 21:30:08.5114|TRACE|DatabaseGeneratorChanges|Creating DataStructureInfo Common.KeepSynchronizedMetadata/Rhetos.DatabaseGenerator.DefaultConcepts.EntityDatabaseDefinition, ID=46BC9DA4-91A9-4704-B9A9-EC21AFB05CB4.
2022-09-04 21:30:08.5114|TRACE|DatabaseGeneratorChanges|Creating DataStructureInfo Common.Log/Rhetos.DatabaseGenerator.DefaultConcepts.EntityDatabaseDefinition, ID=264F1D9B-E917-42EB-AE31-F6787752232B.
2022-09-04 21:30:08.5114|TRACE|DatabaseGeneratorChanges|Creating PropertyInfo Common.Log.UserName/Rhetos.DatabaseGenerator.DefaultConcepts.ShortStringPropertyDatabaseDefinition, ID=A2F3FEF2-CC2F-4BCE-9A58-3114A8EE4527.
2022-09-04 21:30:08.5114|TRACE|DatabaseGeneratorChanges|Creating PropertyInfo Common.Log.Workstation/Rhetos.DatabaseGenerator.DefaultConcepts.ShortStringPropertyDatabaseDefinition, ID=762C0D89-64F3-49CF-A6D3-421943E94169.
2022-09-04 21:30:08.5114|TRACE|DatabaseGeneratorChanges|Creating PropertyInfo Common.Log.ContextInfo/Rhetos.DatabaseGenerator.DefaultConcepts.ShortStringPropertyDatabaseDefinition, ID=F5A5C880-593B-4908-B69C-CEBAAA1C206B.
2022-09-04 21:30:08.5114|TRACE|DatabaseGeneratorChanges|Creating PropertyInfo Common.Log.Action/Rhetos.DatabaseGenerator.DefaultConcepts.ShortStringPropertyDatabaseDefinition, ID=86AFF673-A56A-4845-B4FB-1312E5DF7EDA.
2022-09-04 21:30:08.5114|TRACE|DatabaseGeneratorChanges|Creating PropertyInfo Common.Log.TableName/Rhetos.DatabaseGenerator.DefaultConcepts.ShortStringPropertyDatabaseDefinition, ID=D956CF9F-57E2-4900-8D0E-1C9815908D09.
2022-09-04 21:30:08.5114|TRACE|DatabaseGeneratorChanges|Creating PropertyInfo Common.Log.ItemId/Rhetos.DatabaseGenerator.DefaultConcepts.GuidPropertyDatabaseDefinition, ID=784FFD84-912E-49EF-95D0-74A929592D84.
2022-09-04 21:30:08.5114|TRACE|DatabaseGeneratorChanges|Creating PropertyInfo Common.Log.Description/Rhetos.DatabaseGenerator.DefaultConcepts.LongStringPropertyDatabaseDefinition, ID=171297C6-8267-4EDC-AF96-6D6D3ADAA5ED.
2022-09-04 21:30:08.5114|TRACE|DatabaseGeneratorChanges|Creating PropertyInfo Common.Log.Created/Rhetos.DatabaseGenerator.DefaultConcepts.DateTimePropertyDatabaseDefinition, ID=BE64AF33-445D-4ED8-9F1F-3F993A33836D.
2022-09-04 21:30:08.5114|TRACE|DatabaseGeneratorChanges|Creating DataStructureInfo Common.LogReader/Rhetos.DatabaseGenerator.DefaultConcepts.SqlQueryableDatabaseDefinition, ID=6F50D68C-6A4E-4E9D-B1FC-7E31D6A83499.
2022-09-04 21:30:08.5114|TRACE|DatabaseGeneratorChanges|Creating DataStructureInfo Common.LogRelatedItem/Rhetos.DatabaseGenerator.DefaultConcepts.EntityDatabaseDefinition, ID=E5EDD345-723C-45BC-B32F-8ADBAF5B318F.
2022-09-04 21:30:08.5114|TRACE|DatabaseGeneratorChanges|Creating PropertyInfo Common.LogRelatedItem.TableName/Rhetos.DatabaseGenerator.DefaultConcepts.ShortStringPropertyDatabaseDefinition, ID=FFB22CA0-469B-49C6-ADF9-1521D498C80C.
2022-09-04 21:30:08.5114|TRACE|DatabaseGeneratorChanges|Creating PropertyInfo Common.LogRelatedItem.Relation/Rhetos.DatabaseGenerator.DefaultConcepts.ShortStringPropertyDatabaseDefinition, ID=61E266B2-2C0B-454A-BF94-002D82E8613A.
2022-09-04 21:30:08.5114|TRACE|DatabaseGeneratorChanges|Creating PropertyInfo Common.LogRelatedItem.ItemId/Rhetos.DatabaseGenerator.DefaultConcepts.GuidPropertyDatabaseDefinition, ID=7F2059CE-F8BB-445E-83DA-FC17A9BB5765.
2022-09-04 21:30:08.5114|TRACE|DatabaseGeneratorChanges|Creating PropertyInfo Common.LogRelatedItem.Log/Rhetos.DatabaseGenerator.DefaultConcepts.ReferencePropertyDatabaseDefinition, ID=9DD50AC1-C4FD-402D-B0CD-53C749A233BE.
2022-09-04 21:30:08.5114|TRACE|DatabaseGeneratorChanges|Creating DataStructureInfo Common.LogRelatedItemReader/Rhetos.DatabaseGenerator.DefaultConcepts.SqlQueryableDatabaseDefinition, ID=07C979BD-E478-4E8C-8D70-0B125469521A.
2022-09-04 21:30:08.5114|TRACE|DatabaseGeneratorChanges|Creating DataStructureInfo Common.Principal/Rhetos.DatabaseGenerator.DefaultConcepts.EntityDatabaseDefinition, ID=3E7D56BA-4771-430A-BD57-73D253E6188E.
2022-09-04 21:30:08.5114|TRACE|DatabaseGeneratorChanges|Creating DataStructureInfo Common.PrincipalHasRole/Rhetos.DatabaseGenerator.DefaultConcepts.EntityDatabaseDefinition, ID=20A0CBF4-09C9-4CF5-AB2B-9A1F1AE0C1B2.
2022-09-04 21:30:08.5114|TRACE|DatabaseGeneratorChanges|Creating DataStructureInfo Common.PrincipalPermission/Rhetos.DatabaseGenerator.DefaultConcepts.EntityDatabaseDefinition, ID=6748F651-B01C-4469-998D-3C42AD773756.
2022-09-04 21:30:08.5114|TRACE|DatabaseGeneratorChanges|Creating DataStructureInfo Common.RelatedEventsSource/Rhetos.DatabaseGenerator.DefaultConcepts.SqlQueryableDatabaseDefinition, ID=061CDE8D-66E1-4A71-8143-FF190B9C83E3.
2022-09-04 21:30:08.5114|TRACE|DatabaseGeneratorChanges|Creating DataStructureInfo Common.Role/Rhetos.DatabaseGenerator.DefaultConcepts.EntityDatabaseDefinition, ID=BD148C27-CDE8-4C26-B893-E8D828507A5C.
2022-09-04 21:30:08.5114|TRACE|DatabaseGeneratorChanges|Creating DataStructureInfo Common.RoleInheritsRole/Rhetos.DatabaseGenerator.DefaultConcepts.EntityDatabaseDefinition, ID=BCFAC81C-384F-465D-9190-57DEDBB9EC57.
2022-09-04 21:30:08.5114|TRACE|DatabaseGeneratorChanges|Creating DataStructureInfo Common.RolePermission/Rhetos.DatabaseGenerator.DefaultConcepts.EntityDatabaseDefinition, ID=4122D59A-0DDF-428C-B262-12F132B79899.
2022-09-04 21:30:08.5114|TRACE|DatabaseGeneratorChanges|Creating SqlObjectInfo Common.SchemaAuthorization/Rhetos.DatabaseGenerator.DefaultConcepts.SqlObjectDatabaseDefinition, ID=C2D94C73-EE94-48E0-A99A-D890E8ACACE7.
2022-09-04 21:30:08.5114|TRACE|DatabaseGeneratorChanges|Creating PropertyInfo Common.AutoCodeCache.Entity/Rhetos.DatabaseGenerator.DefaultConcepts.ShortStringPropertyDatabaseDefinition, ID=5322D980-FB9B-45D6-B603-47319D14EDC4.
2022-09-04 21:30:08.5246|TRACE|DatabaseGeneratorChanges|Creating PropertyInfo Common.AutoCodeCache.Property/Rhetos.DatabaseGenerator.DefaultConcepts.ShortStringPropertyDatabaseDefinition, ID=5D32AA68-EED1-4144-BD7D-68ECB1F06014.
2022-09-04 21:30:08.5246|TRACE|DatabaseGeneratorChanges|Creating PropertyInfo Common.AutoCodeCache.Grouping/Rhetos.DatabaseGenerator.DefaultConcepts.ShortStringPropertyDatabaseDefinition, ID=CB1D977D-CB56-4F36-8868-7BB7759A56FA.
2022-09-04 21:30:08.5246|TRACE|DatabaseGeneratorChanges|Creating PropertyInfo Common.AutoCodeCache.Prefix/Rhetos.DatabaseGenerator.DefaultConcepts.ShortStringPropertyDatabaseDefinition, ID=0D52EA66-F631-4558-9E48-D3B878047A6E.
2022-09-04 21:30:08.5246|TRACE|DatabaseGeneratorChanges|Creating SqlIndexMultipleInfo Common.AutoCodeCache.'Entity Property Grouping Prefix'/Rhetos.DatabaseGenerator.DefaultConcepts.SqlIndexMultipleDatabaseDefinition, ID=EB349BA3-9B04-40B0-9F8A-7C65FD4F082F.
2022-09-04 21:30:08.5246|TRACE|DatabaseGeneratorChanges|Creating PropertyInfo Common.AutoCodeCache.MinDigits/Rhetos.DatabaseGenerator.DefaultConcepts.IntegerPropertyDatabaseDefinition, ID=7037E4EC-D83C-4360-8B1E-F7E863D5C134.
2022-09-04 21:30:08.5246|TRACE|DatabaseGeneratorChanges|Creating PropertyInfo Common.AutoCodeCache.LastCode/Rhetos.DatabaseGenerator.DefaultConcepts.IntegerPropertyDatabaseDefinition, ID=07D6AFC5-EB48-40C4-B657-214AD18F6073.
2022-09-04 21:30:08.5246|TRACE|DatabaseGeneratorChanges|Creating SqlProcedureInfo Common.AutoCodeCacheGetNext/Rhetos.DatabaseGenerator.DefaultConcepts.SqlProcedureDatabaseDefinition, ID=0BB303D5-9EDD-4BC3-A6C1-1CD41333503C.
2022-09-04 21:30:08.5246|TRACE|DatabaseGeneratorChanges|Creating SqlProcedureInfo Common.AutoCodeCacheUpdate/Rhetos.DatabaseGenerator.DefaultConcepts.SqlProcedureDatabaseDefinition, ID=1E6F868D-816E-42D7-B775-97C3F959A697.
2022-09-04 21:30:08.5246|TRACE|DatabaseGeneratorChanges|Creating EntityLoggingInfo Bookstore.Book/Rhetos.DatabaseGenerator.DefaultConcepts.EntityLoggingDefinition, ID=F0131B3A-0E89-4D0D-B3C8-CB37B4B53275.
2022-09-04 21:30:08.5246|TRACE|DatabaseGeneratorChanges|Creating PropertyInfo Bookstore.Book.Code/Rhetos.DatabaseGenerator.DefaultConcepts.ShortStringPropertyDatabaseDefinition, ID=94345327-C59C-4F8E-8023-0291F6E0E030.
2022-09-04 21:30:08.5246|TRACE|DatabaseGeneratorChanges|Creating PropertyInfo Bookstore.Book.NumberOfPages/Rhetos.DatabaseGenerator.DefaultConcepts.IntegerPropertyDatabaseDefinition, ID=7556179E-2EB1-47C9-AB21-2758633FFFD5.
2022-09-04 21:30:08.5246|TRACE|DatabaseGeneratorChanges|Creating PropertyInfo Bookstore.Book.Title/Rhetos.DatabaseGenerator.DefaultConcepts.ShortStringPropertyDatabaseDefinition, ID=BAF2C07F-F1C0-4A8A-B3FD-9F54F1614F28.
2022-09-04 21:30:08.5246|TRACE|DatabaseGeneratorChanges|Creating SqlIndexMultipleInfo Bookstore.Book.Code/Rhetos.DatabaseGenerator.DefaultConcepts.SqlIndexMultipleDatabaseDefinition, ID=ADFC245D-E4D8-444A-AC39-E929B4D2F70F.
2022-09-04 21:30:08.5246|TRACE|DatabaseGeneratorChanges|Creating PropertyInfo Common.Claim.Active/Rhetos.DatabaseGenerator.DefaultConcepts.BoolPropertyDatabaseDefinition, ID=E0363B13-E799-4C89-85F2-A1D00C52A0CB.
2022-09-04 21:30:08.5246|TRACE|DatabaseGeneratorChanges|Creating PropertyInfo Common.Claim.ClaimResource/Rhetos.DatabaseGenerator.DefaultConcepts.ShortStringPropertyDatabaseDefinition, ID=544BF044-92BB-448E-B030-084C36495929.
2022-09-04 21:30:08.5246|TRACE|DatabaseGeneratorChanges|Creating PropertyInfo Common.Claim.ClaimRight/Rhetos.DatabaseGenerator.DefaultConcepts.ShortStringPropertyDatabaseDefinition, ID=AA258C5E-AB2D-44F2-A4A5-34FEB3A3FD50.
2022-09-04 21:30:08.5246|TRACE|DatabaseGeneratorChanges|Creating EntityLoggingInfo Common.Claim/Rhetos.DatabaseGenerator.DefaultConcepts.EntityLoggingDefinition, ID=7B8A0C89-C542-46DA-BA72-3156800F9D5F.
2022-09-04 21:30:08.5246|TRACE|DatabaseGeneratorChanges|Creating SqlIndexMultipleInfo Common.Claim.'ClaimResource ClaimRight'/Rhetos.DatabaseGenerator.DefaultConcepts.SqlIndexMultipleDatabaseDefinition, ID=77013B24-1FB1-405F-A3D5-AE31F9173B58.
2022-09-04 21:30:08.5246|TRACE|DatabaseGeneratorChanges|Creating PropertyInfo Common.ExclusiveLock.LockFinish/Rhetos.DatabaseGenerator.DefaultConcepts.DateTimePropertyDatabaseDefinition, ID=50CBE997-977A-464A-8795-1F207C8B6B84.
2022-09-04 21:30:08.5246|TRACE|DatabaseGeneratorChanges|Creating PropertyInfo Common.ExclusiveLock.LockStart/Rhetos.DatabaseGenerator.DefaultConcepts.DateTimePropertyDatabaseDefinition, ID=56CDD257-F6C9-425B-95FE-9ACBE7E27412.
2022-09-04 21:30:08.5246|TRACE|DatabaseGeneratorChanges|Creating PropertyInfo Common.ExclusiveLock.ResourceID/Rhetos.DatabaseGenerator.DefaultConcepts.GuidPropertyDatabaseDefinition, ID=D3C84200-4998-4E0A-A348-4CF4D4A5D2A8.
2022-09-04 21:30:08.5246|TRACE|DatabaseGeneratorChanges|Creating PropertyInfo Common.ExclusiveLock.ResourceType/Rhetos.DatabaseGenerator.DefaultConcepts.ShortStringPropertyDatabaseDefinition, ID=DE392110-881C-4D36-9DED-83EC719A9F24.
2022-09-04 21:30:08.5246|TRACE|DatabaseGeneratorChanges|Creating PropertyInfo Common.ExclusiveLock.UserName/Rhetos.DatabaseGenerator.DefaultConcepts.ShortStringPropertyDatabaseDefinition, ID=DCADF210-13A2-424E-A2B9-F20CA2E06D06.
2022-09-04 21:30:08.5246|TRACE|DatabaseGeneratorChanges|Creating PropertyInfo Common.ExclusiveLock.Workstation/Rhetos.DatabaseGenerator.DefaultConcepts.ShortStringPropertyDatabaseDefinition, ID=F7FEF0A4-2DE2-4209-B69C-24E23262BED2.
2022-09-04 21:30:08.5246|TRACE|DatabaseGeneratorChanges|Creating SqlIndexMultipleInfo Common.ExclusiveLock.'ResourceID ResourceType'/Rhetos.DatabaseGenerator.DefaultConcepts.SqlIndexMultipleDatabaseDefinition, ID=9612E1D0-57CB-4005-B65F-5C8DF3782DBD.
2022-09-04 21:30:08.5246|TRACE|DatabaseGeneratorChanges|Creating PropertyInfo Common.FilterId.Handle/Rhetos.DatabaseGenerator.DefaultConcepts.GuidPropertyDatabaseDefinition, ID=95CD4F03-52D7-4C1F-B50C-E515CF35C218.
2022-09-04 21:30:08.5246|TRACE|DatabaseGeneratorChanges|Creating PropertyInfo Common.FilterId.Value/Rhetos.DatabaseGenerator.DefaultConcepts.GuidPropertyDatabaseDefinition, ID=43940CCE-1AE5-497A-86B0-5618E18EC164.
2022-09-04 21:30:08.5246|TRACE|DatabaseGeneratorChanges|Creating SqlIndexMultipleInfo Common.FilterId.'Handle Value'/Rhetos.DatabaseGenerator.DefaultConcepts.SqlIndexMultipleDatabaseDefinition, ID=3BF7876E-FC3E-4E87-BD7C-280D8AA686E6.
2022-09-04 21:30:08.5246|TRACE|DatabaseGeneratorChanges|Creating PropertyInfo Common.KeepSynchronizedMetadata.Context/Rhetos.DatabaseGenerator.DefaultConcepts.LongStringPropertyDatabaseDefinition, ID=88824F42-82FA-4629-8068-7F042CBC4F27.
2022-09-04 21:30:08.5246|TRACE|DatabaseGeneratorChanges|Creating PropertyInfo Common.KeepSynchronizedMetadata.Source/Rhetos.DatabaseGenerator.DefaultConcepts.ShortStringPropertyDatabaseDefinition, ID=5C6C0774-147E-4031-97E0-BF6814737BBB.
2022-09-04 21:30:08.5246|TRACE|DatabaseGeneratorChanges|Creating PropertyInfo Common.KeepSynchronizedMetadata.Target/Rhetos.DatabaseGenerator.DefaultConcepts.ShortStringPropertyDatabaseDefinition, ID=D10063AF-6FB3-492A-A5D1-FA6EC5C885C9.
2022-09-04 21:30:08.5246|TRACE|DatabaseGeneratorChanges|Creating SqlIndexMultipleInfo Common.Log.'TableName Action'/Rhetos.DatabaseGenerator.DefaultConcepts.SqlIndexMultipleDatabaseDefinition, ID=120CE59A-3BDD-4C71-8E62-DC5567BA23EB.
2022-09-04 21:30:08.5246|TRACE|DatabaseGeneratorChanges|Creating SqlIndexMultipleInfo Common.Log.ItemId/Rhetos.DatabaseGenerator.DefaultConcepts.SqlIndexMultipleDatabaseDefinition, ID=E7FDA5BD-0FD4-4B1E-A2F8-BBBA3D2503BC.
2022-09-04 21:30:08.5246|TRACE|DatabaseGeneratorChanges|Creating SqlIndexMultipleInfo Common.LogRelatedItem.ItemId/Rhetos.DatabaseGenerator.DefaultConcepts.SqlIndexMultipleDatabaseDefinition, ID=2AF084E0-A79B-41A5-8939-D67803257042.
2022-09-04 21:30:08.5246|TRACE|DatabaseGeneratorChanges|Creating SqlIndexMultipleInfo Common.LogRelatedItem.Log/Rhetos.DatabaseGenerator.DefaultConcepts.SqlIndexMultipleDatabaseDefinition, ID=7A51701F-C796-4F2E-933D-D955DAEE01A8.
2022-09-04 21:30:08.5246|TRACE|DatabaseGeneratorChanges|Creating SqlIndexMultipleInfo Common.LogRelatedItem.TableName/Rhetos.DatabaseGenerator.DefaultConcepts.SqlIndexMultipleDatabaseDefinition, ID=26AD4874-4C2C-4463-AECF-DA8A8BBAE3B3.
2022-09-04 21:30:08.5246|TRACE|DatabaseGeneratorChanges|Creating PropertyInfo Common.Principal.Name/Rhetos.DatabaseGenerator.DefaultConcepts.ShortStringPropertyDatabaseDefinition, ID=5778BF7E-69A5-43CD-919F-AAA9A4BACE1A.
2022-09-04 21:30:08.5246|TRACE|DatabaseGeneratorChanges|Creating EntityLoggingInfo Common.Principal/Rhetos.DatabaseGenerator.DefaultConcepts.EntityLoggingDefinition, ID=EF03F1D2-235D-4A31-BB10-55AF7DC2E2D3.
2022-09-04 21:30:08.5246|TRACE|DatabaseGeneratorChanges|Creating SqlIndexMultipleInfo Common.Principal.Name/Rhetos.DatabaseGenerator.DefaultConcepts.SqlIndexMultipleDatabaseDefinition, ID=5C281537-B899-43E3-A02F-7D411D4C3B9C.
2022-09-04 21:30:08.5246|TRACE|DatabaseGeneratorChanges|Creating PropertyInfo Common.PrincipalHasRole.Principal/Rhetos.DatabaseGenerator.DefaultConcepts.ReferencePropertyDatabaseDefinition, ID=57A23B55-62E5-4468-87E4-CEED5A9E5FA6.
2022-09-04 21:30:08.5246|TRACE|DatabaseGeneratorChanges|Creating PropertyInfo Common.PrincipalHasRole.Role/Rhetos.DatabaseGenerator.DefaultConcepts.ReferencePropertyDatabaseDefinition, ID=0FF6740E-DE32-4B05-92F3-A18CBEEA97CC.
2022-09-04 21:30:08.5246|TRACE|DatabaseGeneratorChanges|Creating EntityLoggingInfo Common.PrincipalHasRole/Rhetos.DatabaseGenerator.DefaultConcepts.EntityLoggingDefinition, ID=6E0C33A9-8A8B-45E2-A576-AD24D2CEEA83.
2022-09-04 21:30:08.5246|TRACE|DatabaseGeneratorChanges|Creating SqlIndexMultipleInfo Common.PrincipalHasRole.'Principal Role'/Rhetos.DatabaseGenerator.DefaultConcepts.SqlIndexMultipleDatabaseDefinition, ID=BBEC4BBB-F5F5-43C7-9667-AB2E2DE8F763.
2022-09-04 21:30:08.5246|TRACE|DatabaseGeneratorChanges|Creating SqlIndexMultipleInfo Common.PrincipalHasRole.Principal/Rhetos.DatabaseGenerator.DefaultConcepts.SqlIndexMultipleDatabaseDefinition, ID=C8037BC4-12C8-4820-969A-127AD1396145.
2022-09-04 21:30:08.5246|TRACE|DatabaseGeneratorChanges|Creating PropertyInfo Common.PrincipalPermission.Claim/Rhetos.DatabaseGenerator.DefaultConcepts.ReferencePropertyDatabaseDefinition, ID=51BEBE25-4206-4F72-86F6-284C1F53E8AD.
2022-09-04 21:30:08.5246|TRACE|DatabaseGeneratorChanges|Creating PropertyInfo Common.PrincipalPermission.IsAuthorized/Rhetos.DatabaseGenerator.DefaultConcepts.BoolPropertyDatabaseDefinition, ID=4A16FEAD-5F0F-4CCA-B534-26808D9D0056.
2022-09-04 21:30:08.5246|TRACE|DatabaseGeneratorChanges|Creating PropertyInfo Common.PrincipalPermission.Principal/Rhetos.DatabaseGenerator.DefaultConcepts.ReferencePropertyDatabaseDefinition, ID=6126E176-98E8-48F2-9834-D79BA9F14987.
2022-09-04 21:30:08.5406|TRACE|DatabaseGeneratorChanges|Creating EntityLoggingInfo Common.PrincipalPermission/Rhetos.DatabaseGenerator.DefaultConcepts.EntityLoggingDefinition, ID=B7216B69-F4EA-4136-AAF8-06D1B4C5378C.
2022-09-04 21:30:08.5406|TRACE|DatabaseGeneratorChanges|Creating SqlIndexMultipleInfo Common.PrincipalPermission.'Principal Claim'/Rhetos.DatabaseGenerator.DefaultConcepts.SqlIndexMultipleDatabaseDefinition, ID=2E1119D7-9CF5-4F51-9635-13463566A662.
2022-09-04 21:30:08.5406|TRACE|DatabaseGeneratorChanges|Creating SqlIndexMultipleInfo Common.PrincipalPermission.Claim/Rhetos.DatabaseGenerator.DefaultConcepts.SqlIndexMultipleDatabaseDefinition, ID=A206CF90-4D18-4DA4-8FD9-9F3C6BEC2ADE.
2022-09-04 21:30:08.5406|TRACE|DatabaseGeneratorChanges|Creating SqlIndexMultipleInfo Common.PrincipalPermission.Principal/Rhetos.DatabaseGenerator.DefaultConcepts.SqlIndexMultipleDatabaseDefinition, ID=620C9FB4-D5BD-461A-A341-921DAF47A61E.
2022-09-04 21:30:08.5406|TRACE|DatabaseGeneratorChanges|Creating PropertyInfo Common.Role.Name/Rhetos.DatabaseGenerator.DefaultConcepts.ShortStringPropertyDatabaseDefinition, ID=71099970-1975-48A7-952E-A9F5080AD80B.
2022-09-04 21:30:08.5406|TRACE|DatabaseGeneratorChanges|Creating EntityLoggingInfo Common.Role/Rhetos.DatabaseGenerator.DefaultConcepts.EntityLoggingDefinition, ID=E0B55093-EE48-4FAA-9F4D-BB7054198DA9.
2022-09-04 21:30:08.5406|TRACE|DatabaseGeneratorChanges|Creating SqlIndexMultipleInfo Common.Role.Name/Rhetos.DatabaseGenerator.DefaultConcepts.SqlIndexMultipleDatabaseDefinition, ID=AC133475-7219-41C6-9218-F6B25BB1C5D4.
2022-09-04 21:30:08.5406|TRACE|DatabaseGeneratorChanges|Creating PropertyInfo Common.RoleInheritsRole.PermissionsFrom/Rhetos.DatabaseGenerator.DefaultConcepts.ReferencePropertyDatabaseDefinition, ID=3514A329-23CE-4C48-AC6E-BFE85835C990.
2022-09-04 21:30:08.5406|TRACE|DatabaseGeneratorChanges|Creating PropertyInfo Common.RoleInheritsRole.UsersFrom/Rhetos.DatabaseGenerator.DefaultConcepts.ReferencePropertyDatabaseDefinition, ID=AA5EE85C-70C5-4B6A-B5B1-43C4FD0E66AC.
2022-09-04 21:30:08.5406|TRACE|DatabaseGeneratorChanges|Creating EntityLoggingInfo Common.RoleInheritsRole/Rhetos.DatabaseGenerator.DefaultConcepts.EntityLoggingDefinition, ID=674F9058-A65F-401C-A103-0332B92331E1.
2022-09-04 21:30:08.5406|TRACE|DatabaseGeneratorChanges|Creating SqlIndexMultipleInfo Common.RoleInheritsRole.'UsersFrom PermissionsFrom'/Rhetos.DatabaseGenerator.DefaultConcepts.SqlIndexMultipleDatabaseDefinition, ID=C4CDC5BE-896A-44A9-9230-9EDFF1A911C7.
2022-09-04 21:30:08.5406|TRACE|DatabaseGeneratorChanges|Creating SqlIndexMultipleInfo Common.RoleInheritsRole.UsersFrom/Rhetos.DatabaseGenerator.DefaultConcepts.SqlIndexMultipleDatabaseDefinition, ID=643A379F-CB55-4640-97E5-95A203F96C89.
2022-09-04 21:30:08.5406|TRACE|DatabaseGeneratorChanges|Creating PropertyInfo Common.RolePermission.Claim/Rhetos.DatabaseGenerator.DefaultConcepts.ReferencePropertyDatabaseDefinition, ID=A8B8642B-B701-463C-99C5-32B1D6F513A9.
2022-09-04 21:30:08.5406|TRACE|DatabaseGeneratorChanges|Creating PropertyInfo Common.RolePermission.IsAuthorized/Rhetos.DatabaseGenerator.DefaultConcepts.BoolPropertyDatabaseDefinition, ID=FA4AC2D6-D281-4BB0-9617-0F4DBAD75093.
2022-09-04 21:30:08.5406|TRACE|DatabaseGeneratorChanges|Creating PropertyInfo Common.RolePermission.Role/Rhetos.DatabaseGenerator.DefaultConcepts.ReferencePropertyDatabaseDefinition, ID=B8AC3ABF-763D-4543-866F-6E42E2BF4AA4.
2022-09-04 21:30:08.5406|TRACE|DatabaseGeneratorChanges|Creating EntityLoggingInfo Common.RolePermission/Rhetos.DatabaseGenerator.DefaultConcepts.EntityLoggingDefinition, ID=CAABAB20-D758-462E-AA94-EA41202B3411.
2022-09-04 21:30:08.5406|TRACE|DatabaseGeneratorChanges|Creating SqlIndexMultipleInfo Common.RolePermission.'Role Claim'/Rhetos.DatabaseGenerator.DefaultConcepts.SqlIndexMultipleDatabaseDefinition, ID=EDCC4C19-1664-4BDA-BC52-80725AD6D8F6.
2022-09-04 21:30:08.5406|TRACE|DatabaseGeneratorChanges|Creating SqlIndexMultipleInfo Common.RolePermission.Claim/Rhetos.DatabaseGenerator.DefaultConcepts.SqlIndexMultipleDatabaseDefinition, ID=EF9FAE20-9699-48D0-A733-8F1E15A45710.
2022-09-04 21:30:08.5406|TRACE|DatabaseGeneratorChanges|Creating SqlIndexMultipleInfo Common.RolePermission.Role/Rhetos.DatabaseGenerator.DefaultConcepts.SqlIndexMultipleDatabaseDefinition, ID=33DC6601-41FB-41DD-8E21-5C981FD5B050.
2022-09-04 21:30:08.5406|TRACE|DatabaseGeneratorChanges|Creating SqlDefaultPropertyInfo Common.Log.ContextInfo/Rhetos.DatabaseGenerator.DefaultConcepts.SqlDefaultPropertyDatabaseDefinition, ID=8DA4D0A8-7268-40D4-B2DE-3B79C662F119.
2022-09-04 21:30:08.5406|TRACE|DatabaseGeneratorChanges|Creating SqlDefaultPropertyInfo Common.Log.Created/Rhetos.DatabaseGenerator.DefaultConcepts.SqlDefaultPropertyDatabaseDefinition, ID=768AD6D4-3E82-4D91-AABC-21FB66C5219E.
2022-09-04 21:30:08.5406|TRACE|DatabaseGeneratorChanges|Creating SqlDefaultPropertyInfo Common.Log.UserName/Rhetos.DatabaseGenerator.DefaultConcepts.SqlDefaultPropertyDatabaseDefinition, ID=EE798633-7BCF-4687-8829-43B2760818B1.
2022-09-04 21:30:08.5406|TRACE|DatabaseGeneratorChanges|Creating SqlDefaultPropertyInfo Common.Log.Workstation/Rhetos.DatabaseGenerator.DefaultConcepts.SqlDefaultPropertyDatabaseDefinition, ID=85D527BC-F5FC-4213-8A3D-D2C3A0E8043E.
2022-09-04 21:30:08.5406|TRACE|DatabaseGeneratorChanges|Creating ReferencePropertyDbConstraintInfo Common.LogRelatedItem.Log/Rhetos.DatabaseGenerator.DefaultConcepts.ReferencePropertyConstraintDatabaseDefinition, ID=7CEF9694-01C2-48C7-B96F-6B879B916044.
2022-09-04 21:30:08.5406|TRACE|DatabaseGeneratorChanges|Creating ReferencePropertyDbConstraintInfo Common.PrincipalHasRole.Principal/Rhetos.DatabaseGenerator.DefaultConcepts.ReferencePropertyConstraintDatabaseDefinition, ID=85F1E261-493D-4902-BB78-22DA1A1DE62D.
2022-09-04 21:30:08.5406|TRACE|DatabaseGeneratorChanges|Creating ReferencePropertyDbConstraintInfo Common.PrincipalPermission.Claim/Rhetos.DatabaseGenerator.DefaultConcepts.ReferencePropertyConstraintDatabaseDefinition, ID=820DC135-C849-4C41-ABBE-C61A95A65EE7.
2022-09-04 21:30:08.5406|TRACE|DatabaseGeneratorChanges|Creating ReferencePropertyDbConstraintInfo Common.PrincipalPermission.Principal/Rhetos.DatabaseGenerator.DefaultConcepts.ReferencePropertyConstraintDatabaseDefinition, ID=7F44E778-75A0-4891-A502-916EF6473157.
2022-09-04 21:30:08.5406|TRACE|DatabaseGeneratorChanges|Creating ReferencePropertyDbConstraintInfo Common.PrincipalHasRole.Role/Rhetos.DatabaseGenerator.DefaultConcepts.ReferencePropertyConstraintDatabaseDefinition, ID=7A94D4BE-856B-4F1F-AD30-E56DDD9B458B.
2022-09-04 21:30:08.5406|TRACE|DatabaseGeneratorChanges|Creating ReferencePropertyDbConstraintInfo Common.RoleInheritsRole.PermissionsFrom/Rhetos.DatabaseGenerator.DefaultConcepts.ReferencePropertyConstraintDatabaseDefinition, ID=69CA3BE8-037A-42CE-BF1C-7812A1D2A10E.
2022-09-04 21:30:08.5406|TRACE|DatabaseGeneratorChanges|Creating ReferencePropertyDbConstraintInfo Common.RoleInheritsRole.UsersFrom/Rhetos.DatabaseGenerator.DefaultConcepts.ReferencePropertyConstraintDatabaseDefinition, ID=7E00F675-8B3A-4F34-B3D1-C07A98A36FC4.
2022-09-04 21:30:08.5406|TRACE|DatabaseGeneratorChanges|Creating ReferencePropertyDbConstraintInfo Common.RolePermission.Claim/Rhetos.DatabaseGenerator.DefaultConcepts.ReferencePropertyConstraintDatabaseDefinition, ID=F93B5476-1547-4381-B94C-212456E40E18.
2022-09-04 21:30:08.5406|TRACE|DatabaseGeneratorChanges|Creating ReferencePropertyDbConstraintInfo Common.RolePermission.Role/Rhetos.DatabaseGenerator.DefaultConcepts.ReferencePropertyConstraintDatabaseDefinition, ID=8DB460A6-A9F6-46C0-83DA-20832302CB56.
2022-09-04 21:30:08.5406|INFO|DatabaseGenerator|Creating 113 database objects.
2022-09-04 21:30:08.7661|INFO|DatabaseDeployment|Deleting redundant migration data.
2022-09-04 21:30:08.7787|INFO|DatabaseCleaner|Deleted 12 columns in data migration schemas, 7 remaining.
2022-09-04 21:30:08.7787|INFO|ApplicationInitialization|Loading generated plugins.
2022-09-04 21:30:08.8142|INFO|ApplicationInitialization|Initializing EfMappingViews.
2022-09-04 21:30:09.6934|INFO|ApplicationInitialization|Initialization ClaimGenerator.
2022-09-04 21:30:10.3392|INFO|ApplicationInitialization|Initialization KeepSynchronizedRecomputeOnDeploy.
2022-09-04 21:30:10.3601|INFO|Rhetos DbUpdate|Done.
2022-09-04 21:30:50.1326|INFO|Rhetos DbUpdate base|Started 'dotnet' process 32432.
2022-09-04 21:30:50.3563|INFO|Rhetos DbUpdate|Started in C:\Users\IgorBedek\Workspace\Omega\Bookstore\src\Bookstore.Service\bin\Debug\net6.0\
2022-09-04 21:30:50.3837|INFO|DatabaseUpdate|Loading plugins.
2022-09-04 21:30:50.7478|INFO|DatabaseDeployment|SQL connection: DataSource=LAP-BEDEK\SQLEXPRESS, InitialCatalog=rh_bookstore
2022-09-04 21:30:50.8595|INFO|DatabaseDeployment|Preparing Rhetos database.
2022-09-04 21:30:50.9998|INFO|DatabaseDeployment|Cleaning old migration data.
2022-09-04 21:30:51.0298|INFO|DatabaseCleaner|Deleted 0 columns in data migration schemas, 7 remaining.
2022-09-04 21:30:51.0298|INFO|DatabaseDeployment|Executing data migration scripts.
2022-09-04 21:30:51.0298|INFO|ConceptDataMigration|Executing 0 before-data-migration scripts.
2022-09-04 21:30:51.0451|INFO|DataMigration|Executed 0 of 12 scripts.
2022-09-04 21:30:51.0451|INFO|ConceptDataMigration|Executing 0 after-data-migration scripts.
2022-09-04 21:30:51.0451|INFO|DatabaseDeployment|Upgrading database.
2022-09-04 21:30:51.0780|INFO|DatabaseGenerator|Removing 0 database objects.
2022-09-04 21:30:51.0898|INFO|DatabaseGenerator|Creating 0 database objects.
2022-09-04 21:30:51.0898|INFO|DatabaseDeployment|Deleting redundant migration data.
2022-09-04 21:30:51.1028|INFO|DatabaseCleaner|Deleted 0 columns in data migration schemas, 7 remaining.
2022-09-04 21:30:51.1028|INFO|ApplicationInitialization|Loading generated plugins.
2022-09-04 21:30:51.1404|INFO|ApplicationInitialization|Initializing EfMappingViews.
2022-09-04 21:30:51.6694|INFO|ApplicationInitialization|Initialization ClaimGenerator.
2022-09-04 21:30:52.1119|INFO|ApplicationInitialization|Initialization KeepSynchronizedRecomputeOnDeploy.
2022-09-04 21:30:52.1252|INFO|Rhetos DbUpdate|Done.
2022-09-04 21:37:09.6026|INFO|Rhetos DbUpdate base|Started 'dotnet' process 9424.
2022-09-04 21:37:09.8245|INFO|Rhetos DbUpdate|Started in C:\Users\IgorBedek\Workspace\Omega\Bookstore\src\Bookstore.Service\bin\Debug\net6.0\
2022-09-04 21:37:09.8551|INFO|DatabaseUpdate|Loading plugins.
2022-09-04 21:37:10.2456|INFO|DatabaseDeployment|SQL connection: DataSource=LAP-BEDEK\SQLEXPRESS, InitialCatalog=rh_bookstore
2022-09-04 21:37:10.3672|INFO|DatabaseDeployment|Preparing Rhetos database.
2022-09-04 21:37:10.5132|INFO|DatabaseDeployment|Cleaning old migration data.
2022-09-04 21:37:10.5435|INFO|DatabaseCleaner|Deleted 0 columns in data migration schemas, 7 remaining.
2022-09-04 21:37:10.5435|INFO|DatabaseDeployment|Executing data migration scripts.
2022-09-04 21:37:10.5435|INFO|ConceptDataMigration|Executing 0 before-data-migration scripts.
2022-09-04 21:37:10.5581|INFO|DataMigration|Executed 0 of 12 scripts.
2022-09-04 21:37:10.5581|INFO|ConceptDataMigration|Executing 0 after-data-migration scripts.
2022-09-04 21:37:10.5581|INFO|DatabaseDeployment|Upgrading database.
2022-09-04 21:37:10.5916|INFO|DatabaseGenerator|Removing 0 database objects.
2022-09-04 21:37:10.6044|TRACE|DatabaseGeneratorChanges|Creating DataStructureInfo Bookstore.ChildrensBook/Rhetos.DatabaseGenerator.DefaultConcepts.EntityDatabaseDefinition, ID=F1E889F3-08D1-44FA-95A1-422EB8FA5143.
2022-09-04 21:37:10.6044|TRACE|DatabaseGeneratorChanges|Creating DataStructureInfo Bookstore.Comment/Rhetos.DatabaseGenerator.DefaultConcepts.EntityDatabaseDefinition, ID=4E497CA0-7D7A-4985-8326-3F54C4704BDB.
2022-09-04 21:37:10.6044|TRACE|DatabaseGeneratorChanges|Creating DataStructureInfo Bookstore.ForeignBook/Rhetos.DatabaseGenerator.DefaultConcepts.EntityDatabaseDefinition, ID=0E51BDAB-B1B1-46D8-B002-5568701D38E0.
2022-09-04 21:37:10.6044|TRACE|DatabaseGeneratorChanges|Creating DataStructureInfo Bookstore.Person/Rhetos.DatabaseGenerator.DefaultConcepts.EntityDatabaseDefinition, ID=452563EC-20E5-468A-9A50-102916F49169.
2022-09-04 21:37:10.6044|TRACE|DatabaseGeneratorChanges|Creating PropertyInfo Bookstore.ChildrensBook.AgeFrom/Rhetos.DatabaseGenerator.DefaultConcepts.IntegerPropertyDatabaseDefinition, ID=8D91C11A-25CB-44D1-9E5F-9E3B091294ED.
2022-09-04 21:37:10.6044|TRACE|DatabaseGeneratorChanges|Creating PropertyInfo Bookstore.ChildrensBook.AgeTo/Rhetos.DatabaseGenerator.DefaultConcepts.IntegerPropertyDatabaseDefinition, ID=7BF3A742-16BF-4F34-B717-A6E0B6AA48F4.
2022-09-04 21:37:10.6044|TRACE|DatabaseGeneratorChanges|Creating UniqueReferenceInfo Bookstore.ChildrensBook/Rhetos.DatabaseGenerator.DefaultConcepts.UniqueReferenceDatabaseDefinition, ID=9D67D60F-9F26-467A-814C-7F7F5439268B.
2022-09-04 21:37:10.6044|TRACE|DatabaseGeneratorChanges|Creating PropertyInfo Bookstore.Comment.Book/Rhetos.DatabaseGenerator.DefaultConcepts.ReferencePropertyDatabaseDefinition, ID=B0054270-0890-4EB0-8391-438FB75DFD21.
2022-09-04 21:37:10.6044|TRACE|DatabaseGeneratorChanges|Creating PropertyInfo Bookstore.Comment.Text/Rhetos.DatabaseGenerator.DefaultConcepts.LongStringPropertyDatabaseDefinition, ID=B9915FA2-4968-4934-AE15-A4379B97BBA7.
2022-09-04 21:37:10.6044|TRACE|DatabaseGeneratorChanges|Creating SqlIndexMultipleInfo Bookstore.Comment.Book/Rhetos.DatabaseGenerator.DefaultConcepts.SqlIndexMultipleDatabaseDefinition, ID=554501D5-FD6D-4F3D-8287-A075CAF3156A.
2022-09-04 21:37:10.6044|TRACE|DatabaseGeneratorChanges|Creating PropertyInfo Bookstore.ForeignBook.OriginalLanguage/Rhetos.DatabaseGenerator.DefaultConcepts.ShortStringPropertyDatabaseDefinition, ID=FE7A89E2-10BD-4F4A-8D6E-B1013A89EDBF.
2022-09-04 21:37:10.6044|TRACE|DatabaseGeneratorChanges|Creating UniqueReferenceInfo Bookstore.ForeignBook/Rhetos.DatabaseGenerator.DefaultConcepts.UniqueReferenceDatabaseDefinition, ID=847A6B8D-E7D0-4451-957C-FE878D9CD3C8.
2022-09-04 21:37:10.6044|TRACE|DatabaseGeneratorChanges|Creating PropertyInfo Bookstore.Book.Author/Rhetos.DatabaseGenerator.DefaultConcepts.ReferencePropertyDatabaseDefinition, ID=D09BFFC2-5C89-4AD7-B373-FDBD7651F80C.
2022-09-04 21:37:10.6044|TRACE|DatabaseGeneratorChanges|Creating PropertyInfo Bookstore.ForeignBook.Translator/Rhetos.DatabaseGenerator.DefaultConcepts.ReferencePropertyDatabaseDefinition, ID=4230B3E5-4A77-466E-98EF-924208A7AED1.
2022-09-04 21:37:10.6044|TRACE|DatabaseGeneratorChanges|Creating PropertyInfo Bookstore.Person.Name/Rhetos.DatabaseGenerator.DefaultConcepts.ShortStringPropertyDatabaseDefinition, ID=4D4749BC-9F46-4EED-B1EE-3076C4906804.
2022-09-04 21:37:10.6044|TRACE|DatabaseGeneratorChanges|Creating ReferencePropertyDbConstraintInfo Bookstore.Comment.Book/Rhetos.DatabaseGenerator.DefaultConcepts.ReferencePropertyConstraintDatabaseDefinition, ID=AFFE505C-6990-44EE-9E22-5F4C9D1614D2.
2022-09-04 21:37:10.6044|TRACE|DatabaseGeneratorChanges|Creating ReferencePropertyDbConstraintInfo Bookstore.Book.Author/Rhetos.DatabaseGenerator.DefaultConcepts.ReferencePropertyConstraintDatabaseDefinition, ID=55B23816-24AA-4988-831D-05AA7215E4DF.
2022-09-04 21:37:10.6044|TRACE|DatabaseGeneratorChanges|Creating ReferencePropertyDbConstraintInfo Bookstore.ForeignBook.Translator/Rhetos.DatabaseGenerator.DefaultConcepts.ReferencePropertyConstraintDatabaseDefinition, ID=BDBCB923-EAC7-474A-8791-DFB01405C023.
2022-09-04 21:37:10.6044|INFO|DatabaseGenerator|Creating 18 database objects.
2022-09-04 21:37:10.6581|INFO|DatabaseDeployment|Deleting redundant migration data.
2022-09-04 21:37:10.6706|INFO|DatabaseCleaner|Deleted 0 columns in data migration schemas, 7 remaining.
2022-09-04 21:37:10.6706|INFO|ApplicationInitialization|Loading generated plugins.
2022-09-04 21:37:10.7024|INFO|ApplicationInitialization|Initializing EfMappingViews.
2022-09-04 21:37:11.4504|INFO|ApplicationInitialization|Initialization ClaimGenerator.
2022-09-04 21:37:11.9787|INFO|ApplicationInitialization|Initialization KeepSynchronizedRecomputeOnDeploy.
2022-09-04 21:37:11.9787|INFO|Rhetos DbUpdate|Done.
2022-09-04 21:41:03.9657|INFO|Rhetos DbUpdate base|Started 'dotnet' process 18728.
2022-09-04 21:41:04.1917|INFO|Rhetos DbUpdate|Started in C:\Users\IgorBedek\Workspace\Omega\Bookstore\src\Bookstore.Service\bin\Debug\net6.0\
2022-09-04 21:41:04.2183|INFO|DatabaseUpdate|Loading plugins.
2022-09-04 21:41:04.5874|INFO|DatabaseDeployment|SQL connection: DataSource=LAP-BEDEK\SQLEXPRESS, InitialCatalog=rh_bookstore
2022-09-04 21:41:04.7003|INFO|DatabaseDeployment|Preparing Rhetos database.
2022-09-04 21:41:04.8294|INFO|DatabaseDeployment|Cleaning old migration data.
2022-09-04 21:41:04.8595|INFO|DatabaseCleaner|Deleted 0 columns in data migration schemas, 7 remaining.
2022-09-04 21:41:04.8595|INFO|DatabaseDeployment|Executing data migration scripts.
2022-09-04 21:41:04.8595|INFO|ConceptDataMigration|Executing 0 before-data-migration scripts.
2022-09-04 21:41:04.8740|INFO|DataMigration|Executed 0 of 12 scripts.
2022-09-04 21:41:04.8740|INFO|ConceptDataMigration|Executing 0 after-data-migration scripts.
2022-09-04 21:41:04.8740|INFO|DatabaseDeployment|Upgrading database.
2022-09-04 21:41:04.9158|INFO|DatabaseGenerator|Removing 0 database objects.
2022-09-04 21:41:04.9158|INFO|DatabaseGenerator|Creating 0 database objects.
2022-09-04 21:41:04.9158|INFO|DatabaseDeployment|Deleting redundant migration data.
2022-09-04 21:41:04.9332|INFO|DatabaseCleaner|Deleted 0 columns in data migration schemas, 7 remaining.
2022-09-04 21:41:04.9332|INFO|ApplicationInitialization|Loading generated plugins.
2022-09-04 21:41:04.9646|INFO|ApplicationInitialization|Initializing EfMappingViews.
2022-09-04 21:41:05.4877|INFO|ApplicationInitialization|Initialization ClaimGenerator.
2022-09-04 21:41:05.9203|INFO|ApplicationInitialization|Initialization KeepSynchronizedRecomputeOnDeploy.
2022-09-04 21:41:05.9324|INFO|Rhetos DbUpdate|Done.
2022-09-04 21:41:41.8020|INFO|Rhetos DbUpdate base|Started 'dotnet' process 36120.
2022-09-04 21:41:42.0195|INFO|Rhetos DbUpdate|Started in C:\Users\IgorBedek\Workspace\Omega\Bookstore\src\Bookstore.Service\bin\Debug\net6.0\
2022-09-04 21:41:42.0447|INFO|DatabaseUpdate|Loading plugins.
2022-09-04 21:41:42.4007|INFO|DatabaseDeployment|SQL connection: DataSource=LAP-BEDEK\SQLEXPRESS, InitialCatalog=rh_bookstore
2022-09-04 21:41:42.5190|INFO|DatabaseDeployment|Preparing Rhetos database.
2022-09-04 21:41:42.6603|INFO|DatabaseDeployment|Cleaning old migration data.
2022-09-04 21:41:42.6942|INFO|DatabaseCleaner|Deleted 0 columns in data migration schemas, 7 remaining.
2022-09-04 21:41:42.6976|INFO|DatabaseDeployment|Executing data migration scripts.
2022-09-04 21:41:42.6976|INFO|ConceptDataMigration|Executing 0 before-data-migration scripts.
2022-09-04 21:41:42.6976|INFO|DataMigration|Executed 0 of 12 scripts.
2022-09-04 21:41:42.6976|INFO|ConceptDataMigration|Executing 0 after-data-migration scripts.
2022-09-04 21:41:42.6976|INFO|DatabaseDeployment|Upgrading database.
2022-09-04 21:41:42.7480|INFO|DatabaseGenerator|Removing 0 database objects.
2022-09-04 21:41:42.7480|INFO|DatabaseGenerator|Creating 0 database objects.
2022-09-04 21:41:42.7598|INFO|DatabaseDeployment|Deleting redundant migration data.
2022-09-04 21:41:42.7598|INFO|DatabaseCleaner|Deleted 0 columns in data migration schemas, 7 remaining.
2022-09-04 21:41:42.7598|INFO|ApplicationInitialization|Loading generated plugins.
2022-09-04 21:41:42.7969|INFO|ApplicationInitialization|Initializing EfMappingViews.
2022-09-04 21:41:43.3455|INFO|ApplicationInitialization|Initialization ClaimGenerator.
2022-09-04 21:41:43.7994|INFO|ApplicationInitialization|Initialization KeepSynchronizedRecomputeOnDeploy.
2022-09-04 21:41:43.8141|INFO|Rhetos DbUpdate|Done.
2022-09-04 21:51:12.4807|INFO|Rhetos DbUpdate base|Started 'dotnet' process 46652.
2022-09-04 21:51:12.7181|INFO|Rhetos DbUpdate|Started in C:\Users\IgorBedek\Workspace\Omega\Bookstore\src\Bookstore.Service\bin\Debug\net6.0\
2022-09-04 21:51:12.7507|INFO|DatabaseUpdate|Loading plugins.
2022-09-04 21:51:12.9129|ERROR|Rhetos DbUpdate|System.IO.FileNotFoundException: Could not find file 'C:\Users\IgorBedek\Workspace\Omega\Bookstore\src\Bookstore.Service\bin\Debug\net6.0\appcsettings.json'. File name: 'C:\Users\IgorBedek\Workspace\Omega\Bookstore\src\Bookstore.Service\bin\Debug\net6.0\appcsettings.json'    at Microsoft.Win32.SafeHandles.SafeFileHandle.CreateFile(String fullPath, FileMode mode, FileAccess access, FileShare share, FileOptions options)    at Microsoft.Win32.SafeHandles.SafeFileHandle.Open(String fullPath, FileMod ... (see build output for more info)
2022-09-04 21:51:12.9129|INFO|Rhetos DbUpdate|System.IO.FileNotFoundException: Could not find file 'C:\Users\IgorBedek\Workspace\Omega\Bookstore\src\Bookstore.Service\bin\Debug\net6.0\appcsettings.json'.
File name: 'C:\Users\IgorBedek\Workspace\Omega\Bookstore\src\Bookstore.Service\bin\Debug\net6.0\appcsettings.json'
   at Microsoft.Win32.SafeHandles.SafeFileHandle.CreateFile(String fullPath, FileMode mode, FileAccess access, FileShare share, FileOptions options)
   at Microsoft.Win32.SafeHandles.SafeFileHandle.Open(String fullPath, FileMode mode, FileAccess access, FileShare share, FileOptions options, Int64 preallocationSize)
   at System.IO.Strategies.OSFileStreamStrategy..ctor(String path, FileMode mode, FileAccess access, FileShare share, FileOptions options, Int64 preallocationSize)
   at System.IO.Strategies.FileStreamHelpers.ChooseStrategyCore(String path, FileMode mode, FileAccess access, FileShare share, FileOptions options, Int64 preallocationSize)
   at System.IO.Strategies.FileStreamHelpers.ChooseStrategy(FileStream fileStream, String path, FileMode mode, FileAccess access, FileShare share, Int32 bufferSize, FileOptions options, Int64 preallocationSize)
   at System.IO.StreamReader.ValidateArgsAndOpenPath(String path, Encoding encoding, Int32 bufferSize)
   at System.IO.File.InternalReadAllText(String path, Encoding encoding)
   at System.IO.File.ReadAllText(String path)
   at Rhetos.Utilities.ApplicationConfiguration.ConfigurationSources.JsonFileSource.Load()
   at Rhetos.ConfigurationBuilder.Build()
   at Rhetos.RhetosHostBuilder.BuildConfiguration()
   at Rhetos.RhetosHostBuilder.Build()
   at Rhetos.RhetosServiceCollectionExtensions.CreateRhetosHost(IServiceProvider serviceProvider)
   at Rhetos.RhetosServiceCollectionExtensions.<>c.<AddRhetosHost>b__0_0(IServiceProvider serviceProvider)
   at Microsoft.Extensions.DependencyInjection.ServiceLookup.CallSiteVisitor`2.VisitCallSiteMain(ServiceCallSite callSite, TArgument argument)
   at Microsoft.Extensions.DependencyInjection.ServiceLookup.CallSiteRuntimeResolver.VisitRootCache(ServiceCallSite callSite, RuntimeResolverContext context)
   at Microsoft.Extensions.DependencyInjection.ServiceLookup.CallSiteVisitor`2.VisitCallSite(ServiceCallSite callSite, TArgument argument)
   at Microsoft.Extensions.DependencyInjection.ServiceLookup.CallSiteRuntimeResolver.Resolve(ServiceCallSite callSite, ServiceProviderEngineScope scope)
   at Microsoft.Extensions.DependencyInjection.ServiceProvider.CreateServiceAccessor(Type serviceType)
   at System.Collections.Concurrent.ConcurrentDictionary`2.GetOrAdd(TKey key, Func`2 valueFactory)
   at Microsoft.Extensions.DependencyInjection.ServiceProvider.GetService(Type serviceType, ServiceProviderEngineScope serviceProviderEngineScope)
   at Microsoft.Extensions.DependencyInjection.ServiceProvider.GetService(Type serviceType)
   at Microsoft.Extensions.DependencyInjection.ServiceProviderServiceExtensions.GetService[T](IServiceProvider provider)
   at Rhetos.RhetosHost.CreateFrom(String rhetosHostAssemblyPath, Action`1 configureRhetosHost, Action`2 configureServices)
   at Rhetos.Program.<>c__DisplayClass11_0.<DbUpdate>g__CreateRhetosHost|0(Action`1 configureRhetosHost)
   at Rhetos.Deployment.DatabaseUpdate.UpdateDatabase()
   at Rhetos.Program.DbUpdate(String startupAssembly, Boolean shortTransactions, Boolean skipRecompute)
   at Rhetos.Program.<>c__DisplayClass8_2.<Run>b__7()
   at Rhetos.Program.SafeExecuteCommand(Action action, String commandName)
2022-09-04 21:51:23.7290|INFO|Rhetos DbUpdate base|Started 'dotnet' process 22620.
2022-09-04 21:51:23.9496|INFO|Rhetos DbUpdate|Started in C:\Users\IgorBedek\Workspace\Omega\Bookstore\src\Bookstore.Service\bin\Debug\net6.0\
2022-09-04 21:51:23.9748|INFO|DatabaseUpdate|Loading plugins.
2022-09-04 21:51:24.1195|ERROR|Rhetos DbUpdate|System.IO.FileNotFoundException: Could not find file 'C:\Users\IgorBedek\Workspace\Omega\Bookstore\src\Bookstore.Service\bin\Debug\net6.0\appcsettings.json'. File name: 'C:\Users\IgorBedek\Workspace\Omega\Bookstore\src\Bookstore.Service\bin\Debug\net6.0\appcsettings.json'    at Microsoft.Win32.SafeHandles.SafeFileHandle.CreateFile(String fullPath, FileMode mode, FileAccess access, FileShare share, FileOptions options)    at Microsoft.Win32.SafeHandles.SafeFileHandle.Open(String fullPath, FileMod ... (see build output for more info)
2022-09-04 21:51:24.1195|INFO|Rhetos DbUpdate|System.IO.FileNotFoundException: Could not find file 'C:\Users\IgorBedek\Workspace\Omega\Bookstore\src\Bookstore.Service\bin\Debug\net6.0\appcsettings.json'.
File name: 'C:\Users\IgorBedek\Workspace\Omega\Bookstore\src\Bookstore.Service\bin\Debug\net6.0\appcsettings.json'
   at Microsoft.Win32.SafeHandles.SafeFileHandle.CreateFile(String fullPath, FileMode mode, FileAccess access, FileShare share, FileOptions options)
   at Microsoft.Win32.SafeHandles.SafeFileHandle.Open(String fullPath, FileMode mode, FileAccess access, FileShare share, FileOptions options, Int64 preallocationSize)
   at System.IO.Strategies.OSFileStreamStrategy..ctor(String path, FileMode mode, FileAccess access, FileShare share, FileOptions options, Int64 preallocationSize)
   at System.IO.Strategies.FileStreamHelpers.ChooseStrategyCore(String path, FileMode mode, FileAccess access, FileShare share, FileOptions options, Int64 preallocationSize)
   at System.IO.Strategies.FileStreamHelpers.ChooseStrategy(FileStream fileStream, String path, FileMode mode, FileAccess access, FileShare share, Int32 bufferSize, FileOptions options, Int64 preallocationSize)
   at System.IO.StreamReader.ValidateArgsAndOpenPath(String path, Encoding encoding, Int32 bufferSize)
   at System.IO.File.InternalReadAllText(String path, Encoding encoding)
   at System.IO.File.ReadAllText(String path)
   at Rhetos.Utilities.ApplicationConfiguration.ConfigurationSources.JsonFileSource.Load()
   at Rhetos.ConfigurationBuilder.Build()
   at Rhetos.RhetosHostBuilder.BuildConfiguration()
   at Rhetos.RhetosHostBuilder.Build()
   at Rhetos.RhetosServiceCollectionExtensions.CreateRhetosHost(IServiceProvider serviceProvider)
   at Rhetos.RhetosServiceCollectionExtensions.<>c.<AddRhetosHost>b__0_0(IServiceProvider serviceProvider)
   at Microsoft.Extensions.DependencyInjection.ServiceLookup.CallSiteVisitor`2.VisitCallSiteMain(ServiceCallSite callSite, TArgument argument)
   at Microsoft.Extensions.DependencyInjection.ServiceLookup.CallSiteRuntimeResolver.VisitRootCache(ServiceCallSite callSite, RuntimeResolverContext context)
   at Microsoft.Extensions.DependencyInjection.ServiceLookup.CallSiteVisitor`2.VisitCallSite(ServiceCallSite callSite, TArgument argument)
   at Microsoft.Extensions.DependencyInjection.ServiceLookup.CallSiteRuntimeResolver.Resolve(ServiceCallSite callSite, ServiceProviderEngineScope scope)
   at Microsoft.Extensions.DependencyInjection.ServiceProvider.CreateServiceAccessor(Type serviceType)
   at System.Collections.Concurrent.ConcurrentDictionary`2.GetOrAdd(TKey key, Func`2 valueFactory)
   at Microsoft.Extensions.DependencyInjection.ServiceProvider.GetService(Type serviceType, ServiceProviderEngineScope serviceProviderEngineScope)
   at Microsoft.Extensions.DependencyInjection.ServiceProvider.GetService(Type serviceType)
   at Microsoft.Extensions.DependencyInjection.ServiceProviderServiceExtensions.GetService[T](IServiceProvider provider)
   at Rhetos.RhetosHost.CreateFrom(String rhetosHostAssemblyPath, Action`1 configureRhetosHost, Action`2 configureServices)
   at Rhetos.Program.<>c__DisplayClass11_0.<DbUpdate>g__CreateRhetosHost|0(Action`1 configureRhetosHost)
   at Rhetos.Deployment.DatabaseUpdate.UpdateDatabase()
   at Rhetos.Program.DbUpdate(String startupAssembly, Boolean shortTransactions, Boolean skipRecompute)
   at Rhetos.Program.<>c__DisplayClass8_2.<Run>b__7()
   at Rhetos.Program.SafeExecuteCommand(Action action, String commandName)
2022-09-04 21:51:42.6668|INFO|Rhetos DbUpdate base|Started 'dotnet' process 21596.
2022-09-04 21:51:42.9156|INFO|Rhetos DbUpdate|Started in C:\Users\IgorBedek\Workspace\Omega\Bookstore\src\Bookstore.Service\bin\Debug\net6.0\
2022-09-04 21:51:42.9421|INFO|DatabaseUpdate|Loading plugins.
2022-09-04 21:51:43.3069|INFO|DatabaseDeployment|SQL connection: DataSource=LAP-BEDEK\SQLEXPRESS, InitialCatalog=rh_bookstore
2022-09-04 21:51:43.4264|INFO|DatabaseDeployment|Preparing Rhetos database.
2022-09-04 21:51:43.5612|INFO|DatabaseDeployment|Cleaning old migration data.
2022-09-04 21:51:43.5945|INFO|DatabaseCleaner|Deleted 0 columns in data migration schemas, 7 remaining.
2022-09-04 21:51:43.5945|INFO|DatabaseDeployment|Executing data migration scripts.
2022-09-04 21:51:43.5945|INFO|ConceptDataMigration|Executing 0 before-data-migration scripts.
2022-09-04 21:51:43.6081|INFO|DataMigration|Executed 0 of 12 scripts.
2022-09-04 21:51:43.6081|INFO|ConceptDataMigration|Executing 0 after-data-migration scripts.
2022-09-04 21:51:43.6081|INFO|DatabaseDeployment|Upgrading database.
2022-09-04 21:51:43.6402|INFO|DatabaseGenerator|Removing 0 database objects.
2022-09-04 21:51:43.6497|INFO|DatabaseGenerator|Creating 0 database objects.
2022-09-04 21:51:43.6497|INFO|DatabaseDeployment|Deleting redundant migration data.
2022-09-04 21:51:43.6497|INFO|DatabaseCleaner|Deleted 0 columns in data migration schemas, 7 remaining.
2022-09-04 21:51:43.6671|INFO|ApplicationInitialization|Loading generated plugins.
2022-09-04 21:51:43.6806|INFO|ApplicationInitialization|Initializing EfMappingViews.
2022-09-04 21:51:44.2320|INFO|ApplicationInitialization|Initialization ClaimGenerator.
2022-09-04 21:51:44.6861|INFO|ApplicationInitialization|Initialization KeepSynchronizedRecomputeOnDeploy.
2022-09-04 21:51:44.7018|INFO|Rhetos DbUpdate|Done.
2022-09-04 21:52:34.5452|INFO|Rhetos DbUpdate base|Started 'dotnet' process 47776.
2022-09-04 21:52:34.8007|INFO|Rhetos DbUpdate|Started in C:\Users\IgorBedek\Workspace\Omega\Bookstore\src\Bookstore.Service\bin\Debug\net6.0\
2022-09-04 21:52:34.8303|INFO|DatabaseUpdate|Loading plugins.
2022-09-04 21:52:35.2292|INFO|DatabaseDeployment|SQL connection: DataSource=LAP-BEDEK\SQLEXPRESS, InitialCatalog=rh_bookstore
2022-09-04 21:52:35.3582|INFO|DatabaseDeployment|Preparing Rhetos database.
2022-09-04 21:52:35.4987|INFO|DatabaseDeployment|Cleaning old migration data.
2022-09-04 21:52:35.5297|INFO|DatabaseCleaner|Deleted 0 columns in data migration schemas, 7 remaining.
2022-09-04 21:52:35.5297|INFO|DatabaseDeployment|Executing data migration scripts.
2022-09-04 21:52:35.5297|INFO|ConceptDataMigration|Executing 0 before-data-migration scripts.
2022-09-04 21:52:35.5435|INFO|DataMigration|Executed 0 of 12 scripts.
2022-09-04 21:52:35.5435|INFO|ConceptDataMigration|Executing 0 after-data-migration scripts.
2022-09-04 21:52:35.5435|INFO|DatabaseDeployment|Upgrading database.
2022-09-04 21:52:35.5748|INFO|DatabaseGenerator|Removing 0 database objects.
2022-09-04 21:52:35.5896|INFO|DatabaseGenerator|Creating 0 database objects.
2022-09-04 21:52:35.5896|INFO|DatabaseDeployment|Deleting redundant migration data.
2022-09-04 21:52:35.5896|INFO|DatabaseCleaner|Deleted 0 columns in data migration schemas, 7 remaining.
2022-09-04 21:52:35.6029|INFO|ApplicationInitialization|Loading generated plugins.
2022-09-04 21:52:35.6351|INFO|ApplicationInitialization|Initializing EfMappingViews.
2022-09-04 21:52:36.1965|INFO|ApplicationInitialization|Initialization ClaimGenerator.
2022-09-04 21:52:36.6841|INFO|ApplicationInitialization|Initialization KeepSynchronizedRecomputeOnDeploy.
2022-09-04 21:52:36.6967|INFO|Rhetos DbUpdate|Done.
2022-09-04 21:53:08.4962|INFO|Rhetos DbUpdate base|Started 'dotnet' process 42900.
2022-09-04 21:53:08.7182|INFO|Rhetos DbUpdate|Started in C:\Users\IgorBedek\Workspace\Omega\Bookstore\src\Bookstore.Service\bin\Debug\net6.0\
2022-09-04 21:53:08.7452|INFO|DatabaseUpdate|Loading plugins.
2022-09-04 21:53:08.9189|ERROR|Rhetos DbUpdate|System.IO.FileNotFoundException: Could not find file 'C:\Users\IgorBedek\Workspace\Omega\Bookstore\src\Bookstore.Service\bin\Debug\net6.0\appcsettings.json'. File name: 'C:\Users\IgorBedek\Workspace\Omega\Bookstore\src\Bookstore.Service\bin\Debug\net6.0\appcsettings.json'    at Microsoft.Win32.SafeHandles.SafeFileHandle.CreateFile(String fullPath, FileMode mode, FileAccess access, FileShare share, FileOptions options)    at Microsoft.Win32.SafeHandles.SafeFileHandle.Open(String fullPath, FileMod ... (see build output for more info)
2022-09-04 21:53:08.9189|INFO|Rhetos DbUpdate|System.IO.FileNotFoundException: Could not find file 'C:\Users\IgorBedek\Workspace\Omega\Bookstore\src\Bookstore.Service\bin\Debug\net6.0\appcsettings.json'.
File name: 'C:\Users\IgorBedek\Workspace\Omega\Bookstore\src\Bookstore.Service\bin\Debug\net6.0\appcsettings.json'
   at Microsoft.Win32.SafeHandles.SafeFileHandle.CreateFile(String fullPath, FileMode mode, FileAccess access, FileShare share, FileOptions options)
   at Microsoft.Win32.SafeHandles.SafeFileHandle.Open(String fullPath, FileMode mode, FileAccess access, FileShare share, FileOptions options, Int64 preallocationSize)
   at System.IO.Strategies.OSFileStreamStrategy..ctor(String path, FileMode mode, FileAccess access, FileShare share, FileOptions options, Int64 preallocationSize)
   at System.IO.Strategies.FileStreamHelpers.ChooseStrategyCore(String path, FileMode mode, FileAccess access, FileShare share, FileOptions options, Int64 preallocationSize)
   at System.IO.Strategies.FileStreamHelpers.ChooseStrategy(FileStream fileStream, String path, FileMode mode, FileAccess access, FileShare share, Int32 bufferSize, FileOptions options, Int64 preallocationSize)
   at System.IO.StreamReader.ValidateArgsAndOpenPath(String path, Encoding encoding, Int32 bufferSize)
   at System.IO.File.InternalReadAllText(String path, Encoding encoding)
   at System.IO.File.ReadAllText(String path)
   at Rhetos.Utilities.ApplicationConfiguration.ConfigurationSources.JsonFileSource.Load()
   at Rhetos.ConfigurationBuilder.Build()
   at Rhetos.RhetosHostBuilder.BuildConfiguration()
   at Rhetos.RhetosHostBuilder.Build()
   at Rhetos.RhetosServiceCollectionExtensions.CreateRhetosHost(IServiceProvider serviceProvider)
   at Rhetos.RhetosServiceCollectionExtensions.<>c.<AddRhetosHost>b__0_0(IServiceProvider serviceProvider)
   at Microsoft.Extensions.DependencyInjection.ServiceLookup.CallSiteVisitor`2.VisitCallSiteMain(ServiceCallSite callSite, TArgument argument)
   at Microsoft.Extensions.DependencyInjection.ServiceLookup.CallSiteRuntimeResolver.VisitRootCache(ServiceCallSite callSite, RuntimeResolverContext context)
   at Microsoft.Extensions.DependencyInjection.ServiceLookup.CallSiteVisitor`2.VisitCallSite(ServiceCallSite callSite, TArgument argument)
   at Microsoft.Extensions.DependencyInjection.ServiceLookup.CallSiteRuntimeResolver.Resolve(ServiceCallSite callSite, ServiceProviderEngineScope scope)
   at Microsoft.Extensions.DependencyInjection.ServiceProvider.CreateServiceAccessor(Type serviceType)
   at System.Collections.Concurrent.ConcurrentDictionary`2.GetOrAdd(TKey key, Func`2 valueFactory)
   at Microsoft.Extensions.DependencyInjection.ServiceProvider.GetService(Type serviceType, ServiceProviderEngineScope serviceProviderEngineScope)
   at Microsoft.Extensions.DependencyInjection.ServiceProvider.GetService(Type serviceType)
   at Microsoft.Extensions.DependencyInjection.ServiceProviderServiceExtensions.GetService[T](IServiceProvider provider)
   at Rhetos.RhetosHost.CreateFrom(String rhetosHostAssemblyPath, Action`1 configureRhetosHost, Action`2 configureServices)
   at Rhetos.Program.<>c__DisplayClass11_0.<DbUpdate>g__CreateRhetosHost|0(Action`1 configureRhetosHost)
   at Rhetos.Deployment.DatabaseUpdate.UpdateDatabase()
   at Rhetos.Program.DbUpdate(String startupAssembly, Boolean shortTransactions, Boolean skipRecompute)
   at Rhetos.Program.<>c__DisplayClass8_2.<Run>b__7()
   at Rhetos.Program.SafeExecuteCommand(Action action, String commandName)
2022-09-04 21:53:49.7348|INFO|Rhetos DbUpdate base|Started 'dotnet' process 37628.
2022-09-04 21:53:49.9553|INFO|Rhetos DbUpdate|Started in C:\Users\IgorBedek\Workspace\Omega\Bookstore\src\Bookstore.Service\bin\Debug\net6.0\
2022-09-04 21:53:49.9819|INFO|DatabaseUpdate|Loading plugins.
2022-09-04 21:53:50.1536|ERROR|Rhetos DbUpdate|System.IO.FileNotFoundException: Could not find file 'C:\Users\IgorBedek\Workspace\Omega\Bookstore\src\Bookstore.Service\bin\Debug\net6.0\appcsettings.json'. File name: 'C:\Users\IgorBedek\Workspace\Omega\Bookstore\src\Bookstore.Service\bin\Debug\net6.0\appcsettings.json'    at Microsoft.Win32.SafeHandles.SafeFileHandle.CreateFile(String fullPath, FileMode mode, FileAccess access, FileShare share, FileOptions options)    at Microsoft.Win32.SafeHandles.SafeFileHandle.Open(String fullPath, FileMod ... (see build output for more info)
2022-09-04 21:53:50.1536|INFO|Rhetos DbUpdate|System.IO.FileNotFoundException: Could not find file 'C:\Users\IgorBedek\Workspace\Omega\Bookstore\src\Bookstore.Service\bin\Debug\net6.0\appcsettings.json'.
File name: 'C:\Users\IgorBedek\Workspace\Omega\Bookstore\src\Bookstore.Service\bin\Debug\net6.0\appcsettings.json'
   at Microsoft.Win32.SafeHandles.SafeFileHandle.CreateFile(String fullPath, FileMode mode, FileAccess access, FileShare share, FileOptions options)
   at Microsoft.Win32.SafeHandles.SafeFileHandle.Open(String fullPath, FileMode mode, FileAccess access, FileShare share, FileOptions options, Int64 preallocationSize)
   at System.IO.Strategies.OSFileStreamStrategy..ctor(String path, FileMode mode, FileAccess access, FileShare share, FileOptions options, Int64 preallocationSize)
   at System.IO.Strategies.FileStreamHelpers.ChooseStrategyCore(String path, FileMode mode, FileAccess access, FileShare share, FileOptions options, Int64 preallocationSize)
   at System.IO.Strategies.FileStreamHelpers.ChooseStrategy(FileStream fileStream, String path, FileMode mode, FileAccess access, FileShare share, Int32 bufferSize, FileOptions options, Int64 preallocationSize)
   at System.IO.StreamReader.ValidateArgsAndOpenPath(String path, Encoding encoding, Int32 bufferSize)
   at System.IO.File.InternalReadAllText(String path, Encoding encoding)
   at System.IO.File.ReadAllText(String path)
   at Rhetos.Utilities.ApplicationConfiguration.ConfigurationSources.JsonFileSource.Load()
   at Rhetos.ConfigurationBuilder.Build()
   at Rhetos.RhetosHostBuilder.BuildConfiguration()
   at Rhetos.RhetosHostBuilder.Build()
   at Rhetos.RhetosServiceCollectionExtensions.CreateRhetosHost(IServiceProvider serviceProvider)
   at Rhetos.RhetosServiceCollectionExtensions.<>c.<AddRhetosHost>b__0_0(IServiceProvider serviceProvider)
   at Microsoft.Extensions.DependencyInjection.ServiceLookup.CallSiteVisitor`2.VisitCallSiteMain(ServiceCallSite callSite, TArgument argument)
   at Microsoft.Extensions.DependencyInjection.ServiceLookup.CallSiteRuntimeResolver.VisitRootCache(ServiceCallSite callSite, RuntimeResolverContext context)
   at Microsoft.Extensions.DependencyInjection.ServiceLookup.CallSiteVisitor`2.VisitCallSite(ServiceCallSite callSite, TArgument argument)
   at Microsoft.Extensions.DependencyInjection.ServiceLookup.CallSiteRuntimeResolver.Resolve(ServiceCallSite callSite, ServiceProviderEngineScope scope)
   at Microsoft.Extensions.DependencyInjection.ServiceProvider.CreateServiceAccessor(Type serviceType)
   at System.Collections.Concurrent.ConcurrentDictionary`2.GetOrAdd(TKey key, Func`2 valueFactory)
   at Microsoft.Extensions.DependencyInjection.ServiceProvider.GetService(Type serviceType, ServiceProviderEngineScope serviceProviderEngineScope)
   at Microsoft.Extensions.DependencyInjection.ServiceProvider.GetService(Type serviceType)
   at Microsoft.Extensions.DependencyInjection.ServiceProviderServiceExtensions.GetService[T](IServiceProvider provider)
   at Rhetos.RhetosHost.CreateFrom(String rhetosHostAssemblyPath, Action`1 configureRhetosHost, Action`2 configureServices)
   at Rhetos.Program.<>c__DisplayClass11_0.<DbUpdate>g__CreateRhetosHost|0(Action`1 configureRhetosHost)
   at Rhetos.Deployment.DatabaseUpdate.UpdateDatabase()
   at Rhetos.Program.DbUpdate(String startupAssembly, Boolean shortTransactions, Boolean skipRecompute)
   at Rhetos.Program.<>c__DisplayClass8_2.<Run>b__7()
   at Rhetos.Program.SafeExecuteCommand(Action action, String commandName)
2022-09-04 21:54:18.1485|INFO|Rhetos DbUpdate base|Started 'dotnet' process 45688.
2022-09-04 21:54:18.3802|INFO|Rhetos DbUpdate|Started in C:\Users\IgorBedek\Workspace\Omega\Bookstore\src\Bookstore.Service\bin\Debug\net6.0\
2022-09-04 21:54:18.4102|INFO|DatabaseUpdate|Loading plugins.
2022-09-04 21:54:18.7831|INFO|DatabaseDeployment|SQL connection: DataSource=LAP-BEDEK\SQLEXPRESS, InitialCatalog=rh_bookstore
2022-09-04 21:54:18.9835|INFO|DatabaseDeployment|Preparing Rhetos database.
2022-09-04 21:54:19.1580|INFO|DatabaseDeployment|Cleaning old migration data.
2022-09-04 21:54:19.2254|INFO|DatabaseCleaner|Deleted 0 columns in data migration schemas, 7 remaining.
2022-09-04 21:54:19.2300|INFO|DatabaseDeployment|Executing data migration scripts.
2022-09-04 21:54:19.2300|INFO|ConceptDataMigration|Executing 0 before-data-migration scripts.
2022-09-04 21:54:19.2491|INFO|DataMigration|Executed 0 of 12 scripts.
2022-09-04 21:54:19.2491|INFO|ConceptDataMigration|Executing 0 after-data-migration scripts.
2022-09-04 21:54:19.2491|INFO|DatabaseDeployment|Upgrading database.
2022-09-04 21:54:19.3278|INFO|DatabaseGenerator|Removing 0 database objects.
2022-09-04 21:54:19.3402|INFO|DatabaseGenerator|Creating 0 database objects.
2022-09-04 21:54:19.3402|INFO|DatabaseDeployment|Deleting redundant migration data.
2022-09-04 21:54:19.3582|INFO|DatabaseCleaner|Deleted 0 columns in data migration schemas, 7 remaining.
2022-09-04 21:54:19.3582|INFO|ApplicationInitialization|Loading generated plugins.
2022-09-04 21:54:19.4001|INFO|ApplicationInitialization|Initializing EfMappingViews.
2022-09-04 21:54:20.0181|INFO|ApplicationInitialization|Initialization ClaimGenerator.
2022-09-04 21:54:20.4929|INFO|ApplicationInitialization|Initialization KeepSynchronizedRecomputeOnDeploy.
2022-09-04 21:54:20.4929|INFO|Rhetos DbUpdate|Done.
